#
# A fatal error has been detected by the Java Runtime Environment:
#
#  EXCEPTION_ACCESS_VIOLATION (0xc0000005) at pc=0x00007ffb8aff1a86, pid=11040, tid=12900
#
# JRE version: OpenJDK Runtime Environment (11.0.12+7) (build 11.0.12+7-b1504.28-7817840)
# Java VM: OpenJDK 64-Bit Server VM (11.0.12+7-b1504.28-7817840, mixed mode, tiered, compressed oops, g1 gc, windows-amd64)
# Problematic frame:
# V  [jvm.dll+0x191a86]
#
# No core dump will be written. Minidumps are not enabled by default on client versions of Windows
#
# If you would like to submit a bug report, please visit:
#   https://bugreport.java.com/bugreport/crash.jsp
#

---------------  S U M M A R Y ------------

Command Line: --add-opens=java.base/java.util=ALL-UNNAMED --add-opens=java.base/java.lang=ALL-UNNAMED --add-opens=java.base/java.lang.invoke=ALL-UNNAMED --add-opens=java.base/java.util=ALL-UNNAMED --add-opens=java.prefs/java.util.prefs=ALL-UNNAMED --add-opens=java.prefs/java.util.prefs=ALL-UNNAMED --add-opens=java.base/java.nio.charset=ALL-UNNAMED --add-opens=java.base/java.net=ALL-UNNAMED --add-opens=java.base/java.util.concurrent.atomic=ALL-UNNAMED -Xmx2048m -Dfile.encoding=UTF-8 -Duser.country=US -Duser.language=en -Duser.variant org.gradle.launcher.daemon.bootstrap.GradleDaemon 7.3.3

Host: Intel(R) Core(TM) i7-2620M CPU @ 2.70GHz, 4 cores, 15G,  Windows 10 , 64 bit Build 21996 (10.0.21996.1)
Time: Sun Aug 28 00:02:00 2022 W. Central Africa Standard Time elapsed time: 1409.811211 seconds (0d 0h 23m 29s)

---------------  T H R E A D  ---------------

Current thread (0x000002c35f958800):  ConcurrentGCThread "G1 Conc#0" [stack: 0x000000c811400000,0x000000c811500000] [id=12900]

Stack: [0x000000c811400000,0x000000c811500000],  sp=0x000000c8114ff3a8,  free space=1020k
Native frames: (J=compiled Java code, j=interpreted, Vv=VM code, C=native code)
V  [jvm.dll+0x191a86]


siginfo: EXCEPTION_ACCESS_VIOLATION (0xc0000005), reading address 0x00000001733b9380


Register to memory mapping:

RIP=0x00007ffb8aff1a86 jvm.dll
RAX=0x8a01228024501201 is an unknown value
RBX=0x0000000084247068 is pointing into object: [B 
{0x0000000084247060} - klass: {type array byte}
 - length: 48
RCX=0x0000000084247068 is pointing into object: [B 
{0x0000000084247060} - klass: {type array byte}
 - length: 48
RDX=0x0000000084247068 is pointing into object: [B 
{0x0000000084247060} - klass: {type array byte}
 - length: 48
RSP=0x000000c8114ff3a8 points into unknown readable memory: 0x00007ffb8b1422ea | ea 22 14 8b fb 7f 00 00
RBP=0x000002c35f94d190 points into unknown readable memory: 0x000002c35f956000 | 00 60 95 5f c3 02 00 00
RSI=0x0000000000000001 is an unknown value
RDI=0x0 is NULL
R8 =0x8a01228024501228 is an unknown value
R9 =0x00000001733b9378 is an unknown value
R10=0x000002c35f94d190 points into unknown readable memory: 0x000002c35f956000 | 00 60 95 5f c3 02 00 00
R11=0x346dc5d63886594b is an unknown value
R12=0x000000000000000c is an unknown value
R13=0xaaaaaaaaaaaaaaab is an unknown value
R14=0x0 is NULL
R15=0x0000000084347048 is an oop: org.gradle.cache.internal.btree.BTreePersistentIndexedCache$IndexEntry 
{0x0000000084347048} - klass: 'org/gradle/cache/internal/btree/BTreePersistentIndexedCache$IndexEntry'


Registers:
RAX=0x8a01228024501201, RBX=0x0000000084247068, RCX=0x0000000084247068, RDX=0x0000000084247068
RSP=0x000000c8114ff3a8, RBP=0x000002c35f94d190, RSI=0x0000000000000001, RDI=0x0000000000000000
R8 =0x8a01228024501228, R9 =0x00000001733b9378, R10=0x000002c35f94d190, R11=0x346dc5d63886594b
R12=0x000000000000000c, R13=0xaaaaaaaaaaaaaaab, R14=0x0000000000000000, R15=0x0000000084347048
RIP=0x00007ffb8aff1a86, EFLAGS=0x0000000000010206

Top of Stack: (sp=0x000000c8114ff3a8)
0x000000c8114ff3a8:   00007ffb8b1422ea 0000000084247068
0x000000c8114ff3b8:   00000001005141c0 000002c35f95a0b0
0x000000c8114ff3c8:   0000000000000001 00000001005141d0
0x000000c8114ff3d8:   00007ffb8b142196 00000001005141c0
0x000000c8114ff3e8:   0000000084247068 000002c35f95a150
0x000000c8114ff3f8:   000000c8114ff5e8 0000000000000000
0x000000c8114ff408:   000000c8114ff5e8 0000000084347058
0x000000c8114ff418:   00007ffb8b139fbd 0000000000000004
0x000000c8114ff428:   0000000084347054 0000000084347898
0x000000c8114ff438:   00000000843435f4 000000c8114ff5c0
0x000000c8114ff448:   000002c35f958b01 0000000100513f90
0x000000c8114ff458:   00007ffb8b139871 0000000000000004
0x000000c8114ff468:   000000c8114ff5e8 0000000084347048
0x000000c8114ff478:   000002c35f958b01 0000000084347048
0x000000c8114ff488:   00007ffb8b147d4f 000002c35f95a150
0x000000c8114ff498:   00000000012e0000 0000000000000000 

Instructions: (pc=0x00007ffb8aff1a86)
0x00007ffb8aff1986:   48 89 5c 24 20 e8 f0 00 00 00 80 7f 30 00 48 63
0x00007ffb8aff1996:   c8 48 89 4c 24 28 0f 28 44 24 20 74 17 0f 11 86
0x00007ffb8aff19a6:   98 03 00 00 48 8b 5c 24 40 48 8b 74 24 48 48 83
0x00007ffb8aff19b6:   c4 30 5f c3 48 8b 07 48 8d 54 24 20 48 8b cf 66
0x00007ffb8aff19c6:   0f 7f 44 24 20 ff 50 38 48 8b 5c 24 40 48 8b 74
0x00007ffb8aff19d6:   24 48 48 83 c4 30 5f c3 cc cc 40 53 48 83 ec 30
0x00007ffb8aff19e6:   0f 10 82 98 03 00 00 48 8b da 0f 10 c8 66 0f 73
0x00007ffb8aff19f6:   d9 08 66 48 0f 7e c8 48 85 c0 74 28 48 8b 01 48
0x00007ffb8aff1a06:   8d 54 24 20 0f 29 44 24 20 ff 50 40 33 c0 48 89
0x00007ffb8aff1a16:   44 24 20 48 89 44 24 28 0f 10 44 24 20 0f 11 83
0x00007ffb8aff1a26:   98 03 00 00 48 83 c4 30 5b c3 48 8b 49 38 48 8b
0x00007ffb8aff1a36:   01 48 ff 60 28 cc cc cc cc cc 80 3d 91 a6 87 00
0x00007ffb8aff1a46:   00 48 8b c1 74 1b 8b 51 08 8b 0d 83 13 83 00 48
0x00007ffb8aff1a56:   d3 e2 48 8b c8 48 03 15 6e 13 83 00 e9 19 00 00
0x00007ffb8aff1a66:   00 48 8b 51 08 48 8b c8 e9 0d 00 00 00 cc cc cc
0x00007ffb8aff1a76:   cc cc cc cc cc cc cc cc cc cc 4c 8b ca 48 8b d1
0x00007ffb8aff1a86:   45 8b 41 08 45 85 c0 7e 0e 41 f6 c0 01 75 59 41
0x00007ffb8aff1a96:   c1 f8 03 41 8b c0 c3 79 4f 80 3d 32 a6 87 00 00
0x00007ffb8aff1aa6:   b8 0c 00 00 00 b9 10 00 00 00 0f 45 c8 8b 05 ab
0x00007ffb8aff1ab6:   5c 81 00 ff c8 4c 63 c8 48 63 c1 41 8b c8 83 e1
0x00007ffb8aff1ac6:   3f 48 63 14 10 41 8b c0 48 c1 f8 10 0f b6 c0 48
0x00007ffb8aff1ad6:   d3 e2 49 8d 0c 11 49 f7 d1 48 03 c1 49 c1 e9 03
0x00007ffb8aff1ae6:   48 c1 e8 03 41 23 c1 c3 49 8b 01 49 8b c9 48 ff
0x00007ffb8aff1af6:   a0 10 01 00 00 cc cc cc cc cc 48 83 ec 38 0f 10
0x00007ffb8aff1b06:   02 48 8b 49 38 48 8d 54 24 20 0f 29 44 24 20 e8
0x00007ffb8aff1b16:   66 f0 ff ff 48 83 c4 38 c3 cc 48 89 5c 24 08 55
0x00007ffb8aff1b26:   56 57 41 54 41 55 41 56 41 57 48 8d 6c 24 e0 48
0x00007ffb8aff1b36:   81 ec 20 01 00 00 48 8b 05 7d 99 84 00 48 33 c4
0x00007ffb8aff1b46:   48 89 45 10 48 8b 05 ff 0f 87 00 45 33 ed 4c 8b
0x00007ffb8aff1b56:   b5 80 00 00 00 4c 8b fa 48 8b bd 88 00 00 00 4d
0x00007ffb8aff1b66:   8b c6 49 8b d6 49 8b f1 48 8b 48 38 48 8b 59 48
0x00007ffb8aff1b76:   49 8b cf c7 45 c0 ff ff ff ff 44 89 6d d4 4c 89 


Stack slot to memory mapping:
stack at sp + 0 slots: 0x00007ffb8b1422ea jvm.dll
stack at sp + 1 slots: 0x0000000084247068 is pointing into object: [B 
{0x0000000084247060} - klass: {type array byte}
 - length: 48
stack at sp + 2 slots: 0x00000001005141c0 is pointing into metadata
stack at sp + 3 slots: 0x000002c35f95a0b0 points into unknown readable memory: 0x000002c300000165 | 65 01 00 00 c3 02 00 00
stack at sp + 4 slots: 0x0000000000000001 is an unknown value
stack at sp + 5 slots: 0x00000001005141d0 is a pointer to class: 
org.gradle.cache.internal.btree.BTreePersistentIndexedCache$Lookup {0x00000001005141d8}
stack at sp + 6 slots: 0x00007ffb8b142196 jvm.dll
stack at sp + 7 slots: 0x00000001005141c0 is pointing into metadata


---------------  P R O C E S S  ---------------

Threads class SMR info:
_java_thread_list=0x000002c3001b0190, length=101, elements={
0x000002c35f90b000, 0x000002c37a4f1800, 0x000002c37a4f2000, 0x000002c37a54c000,
0x000002c37a54d000, 0x000002c37a54f000, 0x000002c37a559000, 0x000002c37a55a800,
0x000002c37a55d800, 0x000002c37a6c4000, 0x000002c37caca800, 0x000002c37cdc2800,
0x000002c37c1b9800, 0x000002c37cf4b000, 0x000002c37cf48800, 0x000002c37cf49800,
0x000002c37b001800, 0x000002c37b004800, 0x000002c37b004000, 0x000002c37b005800,
0x000002c37b002800, 0x000002c37b00e800, 0x000002c37b009000, 0x000002c37de99800,
0x000002c37dea0000, 0x000002c30493b800, 0x000002c304944800, 0x000002c304945000,
0x000002c304946000, 0x000002c304598000, 0x000002c37b00d000, 0x000002c305c94800,
0x000002c305c98800, 0x000002c30493e000, 0x000002c304596800, 0x000002c304597000,
0x000002c304599000, 0x000002c304595000, 0x000002c304595800, 0x000002c304599800,
0x000002c304594000, 0x000002c30459e000, 0x000002c30459e800, 0x000002c30459f800,
0x000002c3045a0000, 0x000002c30459a800, 0x000002c30459b800, 0x000002c3045a2000,
0x000002c30459c000, 0x000002c3045a2800, 0x000002c30459d000, 0x000002c37de91800,
0x000002c37de96000, 0x000002c37de95800, 0x000002c37de97000, 0x000002c37de98000,
0x000002c37de92000, 0x000002c37de98800, 0x000002c37de93000, 0x000002c37de93800,
0x000002c37de94800, 0x000002c37de9f000, 0x000002c37de9c000, 0x000002c37de9b000,
0x000002c37de9e800, 0x000002c37de9c800, 0x000002c37de9a800, 0x000002c37de9d800,
0x000002c305c8d000, 0x000002c305c8f800, 0x000002c305c90800, 0x000002c305c8e000,
0x000002c305c91800, 0x000002c305c92000, 0x000002c305c93000, 0x000002c305c8f000,
0x000002c305c93800, 0x000002c305c96000, 0x000002c305c9a800, 0x000002c305c9b000,
0x000002c305c95800, 0x000002c305c9c000, 0x000002c305c99800, 0x000002c305c97000,
0x000002c30493c000, 0x000002c30493d000, 0x000002c304938000, 0x000002c30493a800,
0x000002c304937800, 0x000002c30493e800, 0x000002c304939000, 0x000002c30493f800,
0x000002c304940800, 0x000002c304941000, 0x000002c304942000, 0x000002c37b006800,
0x000002c37b000800, 0x000002c37b007000, 0x000002c37b003000, 0x000002c37b00f800,
0x000002c37b00b800
}

Java Threads: ( => current thread )
  0x000002c35f90b000 JavaThread "main" [_thread_blocked, id=11460, stack(0x000000c811100000,0x000000c811200000)]
  0x000002c37a4f1800 JavaThread "Reference Handler" daemon [_thread_blocked, id=5212, stack(0x000000c811800000,0x000000c811900000)]
  0x000002c37a4f2000 JavaThread "Finalizer" daemon [_thread_blocked, id=4092, stack(0x000000c811900000,0x000000c811a00000)]
  0x000002c37a54c000 JavaThread "Signal Dispatcher" daemon [_thread_blocked, id=14320, stack(0x000000c811a00000,0x000000c811b00000)]
  0x000002c37a54d000 JavaThread "Attach Listener" daemon [_thread_blocked, id=10452, stack(0x000000c811b00000,0x000000c811c00000)]
  0x000002c37a54f000 JavaThread "Service Thread" daemon [_thread_blocked, id=8092, stack(0x000000c811c00000,0x000000c811d00000)]
  0x000002c37a559000 JavaThread "C2 CompilerThread0" daemon [_thread_in_native, id=13176, stack(0x000000c811d00000,0x000000c811e00000)]
  0x000002c37a55a800 JavaThread "C1 CompilerThread0" daemon [_thread_blocked, id=12596, stack(0x000000c811e00000,0x000000c811f00000)]
  0x000002c37a55d800 JavaThread "Sweeper thread" daemon [_thread_blocked, id=10884, stack(0x000000c811f00000,0x000000c812000000)]
  0x000002c37a6c4000 JavaThread "Common-Cleaner" daemon [_thread_blocked, id=1876, stack(0x000000c812000000,0x000000c812100000)]
  0x000002c37caca800 JavaThread "Daemon health stats" [_thread_blocked, id=448, stack(0x000000c812600000,0x000000c812700000)]
  0x000002c37cdc2800 JavaThread "Incoming local TCP Connector on port 49996" [_thread_in_native, id=9368, stack(0x000000c812200000,0x000000c812300000)]
  0x000002c37c1b9800 JavaThread "Daemon periodic checks" [_thread_blocked, id=3408, stack(0x000000c812700000,0x000000c812800000)]
  0x000002c37cf4b000 JavaThread "Cache worker for journal cache (C:\Users\Arogundade Ibrahim\.gradle\caches\journal-1)" [_thread_blocked, id=14176, stack(0x000000c812f00000,0x000000c813000000)]
  0x000002c37cf48800 JavaThread "File lock request listener" [_thread_in_native, id=13728, stack(0x000000c813000000,0x000000c813100000)]
  0x000002c37cf49800 JavaThread "Cache worker for file hash cache (C:\Users\Arogundade Ibrahim\.gradle\caches\7.3.3\fileHashes)" [_thread_blocked, id=2084, stack(0x000000c813100000,0x000000c813200000)]
  0x000002c37b001800 JavaThread "File watcher server" daemon [_thread_in_native, id=7700, stack(0x000000c813300000,0x000000c813400000)]
  0x000002c37b004800 JavaThread "File watcher consumer" daemon [_thread_blocked, id=6324, stack(0x000000c813400000,0x000000c813500000)]
  0x000002c37b004000 JavaThread "Cache worker for execution history cache (C:\Users\Arogundade Ibrahim\.gradle\caches\7.3.3\executionHistory)" [_thread_blocked, id=9940, stack(0x000000c813900000,0x000000c813a00000)]
  0x000002c37b005800 JavaThread "jar transforms" [_thread_blocked, id=12128, stack(0x000000c813a00000,0x000000c813b00000)]
  0x000002c37b002800 JavaThread "Cache worker for file content cache (C:\Users\Arogundade Ibrahim\.gradle\caches\7.3.3\fileContent)" [_thread_blocked, id=13764, stack(0x000000c813b00000,0x000000c813c00000)]
  0x000002c37b00e800 JavaThread "jar transforms Thread 2" [_thread_blocked, id=10672, stack(0x000000c813c00000,0x000000c813d00000)]
  0x000002c37b009000 JavaThread "jar transforms Thread 3" [_thread_blocked, id=5552, stack(0x000000c813e00000,0x000000c813f00000)]
  0x000002c37de99800 JavaThread "jar transforms Thread 4" [_thread_blocked, id=8628, stack(0x000000c816800000,0x000000c816900000)]
  0x000002c37dea0000 JavaThread "Memory manager" [_thread_blocked, id=7852, stack(0x000000c816900000,0x000000c816a00000)]
  0x000002c30493b800 JavaThread "pool-3-thread-1" [_thread_blocked, id=2892, stack(0x000000c816b00000,0x000000c816c00000)]
  0x000002c304944800 JavaThread "RMI Scheduler(0)" daemon [_thread_blocked, id=9252, stack(0x000000c810f00000,0x000000c811000000)]
  0x000002c304945000 JavaThread "RMI GC Daemon" daemon [_thread_blocked, id=140, stack(0x000000c817a00000,0x000000c817b00000)]
  0x000002c304946000 JavaThread "RMI TCP Accept-0" daemon [_thread_in_native, id=6076, stack(0x000000c817c00000,0x000000c817d00000)]
  0x000002c304598000 JavaThread "RMI Reaper" [_thread_blocked, id=8552, stack(0x000000c817d00000,0x000000c817e00000)]
  0x000002c37b00d000 JavaThread "pool-7-thread-1" [_thread_blocked, id=8700, stack(0x000000c816a00000,0x000000c816b00000)]
  0x000002c305c94800 JavaThread "Cache worker for Java compile cache (C:\Users\Arogundade Ibrahim\.gradle\caches\7.3.3\javaCompile)" [_thread_blocked, id=13800, stack(0x000000c817200000,0x000000c817300000)]
  0x000002c305c98800 JavaThread "ForkJoinPool.commonPool-worker-5" daemon [_thread_blocked, id=6784, stack(0x000000c817400000,0x000000c817500000)]
  0x000002c30493e000 JavaThread "pool-11-thread-1" [_thread_blocked, id=5252, stack(0x000000c816700000,0x000000c816800000)]
  0x000002c304596800 JavaThread "Daemon Thread 3" [_thread_blocked, id=7280, stack(0x000000c810e00000,0x000000c810f00000)]
  0x000002c304597000 JavaThread "Handler for socket connection from /127.0.0.1:49996 to /127.0.0.1:50527" [_thread_in_native, id=13212, stack(0x000000c811000000,0x000000c811100000)]
  0x000002c304599000 JavaThread "Cancel handler" [_thread_blocked, id=8232, stack(0x000000c812800000,0x000000c812900000)]
  0x000002c304595000 JavaThread "Daemon worker Thread 3" [_thread_blocked, id=13000, stack(0x000000c812900000,0x000000c812a00000)]
  0x000002c304595800 JavaThread "Asynchronous log dispatcher for DefaultDaemonConnection: socket connection from /127.0.0.1:49996 to /127.0.0.1:50527" [_thread_blocked, id=12788, stack(0x000000c812a00000,0x000000c812b00000)]
  0x000002c304599800 JavaThread "Stdin handler" [_thread_blocked, id=5444, stack(0x000000c812b00000,0x000000c812c00000)]
  0x000002c304594000 JavaThread "Daemon client event forwarder" [_thread_blocked, id=4916, stack(0x000000c812c00000,0x000000c812d00000)]
  0x000002c30459e000 JavaThread "Cache worker for file hash cache (C:\Users\Arogundade Ibrahim\AndroidStudioProjects\Bookeet\.gradle\7.3.3\fileHashes)" [_thread_blocked, id=3460, stack(0x000000c812d00000,0x000000c812e00000)]
  0x000002c30459e800 JavaThread "Cache worker for checksums cache (C:\Users\Arogundade Ibrahim\AndroidStudioProjects\Bookeet\.gradle\7.3.3\checksums)" [_thread_blocked, id=8620, stack(0x000000c812e00000,0x000000c812f00000)]
  0x000002c30459f800 JavaThread "Cache worker for cache directory md-supplier (C:\Users\Arogundade Ibrahim\.gradle\caches\7.3.3\md-supplier)" [_thread_blocked, id=11220, stack(0x000000c813200000,0x000000c813300000)]
  0x000002c3045a0000 JavaThread "Cache worker for cache directory md-rule (C:\Users\Arogundade Ibrahim\.gradle\caches\7.3.3\md-rule)" [_thread_blocked, id=11128, stack(0x000000c813500000,0x000000c813600000)]
  0x000002c30459a800 JavaThread "Cache worker for dependencies-accessors (C:\Users\Arogundade Ibrahim\AndroidStudioProjects\Bookeet\.gradle\7.3.3\dependencies-accessors)" [_thread_blocked, id=12104, stack(0x000000c813600000,0x000000c813700000)]
  0x000002c30459b800 JavaThread "Cache worker for Build Output Cleanup Cache (C:\Users\Arogundade Ibrahim\AndroidStudioProjects\Bookeet\.gradle\buildOutputCleanup)" [_thread_blocked, id=4292, stack(0x000000c813700000,0x000000c813800000)]
  0x000002c3045a2000 JavaThread "Unconstrained build operations" [_thread_blocked, id=8436, stack(0x000000c813d00000,0x000000c813e00000)]
  0x000002c30459c000 JavaThread "Unconstrained build operations Thread 2" [_thread_blocked, id=13304, stack(0x000000c813f00000,0x000000c814000000)]
  0x000002c3045a2800 JavaThread "Unconstrained build operations Thread 3" [_thread_blocked, id=12604, stack(0x000000c814000000,0x000000c814100000)]
  0x000002c30459d000 JavaThread "Unconstrained build operations Thread 4" [_thread_blocked, id=12468, stack(0x000000c814100000,0x000000c814200000)]
  0x000002c37de91800 JavaThread "Unconstrained build operations Thread 5" [_thread_blocked, id=2416, stack(0x000000c814200000,0x000000c814300000)]
  0x000002c37de96000 JavaThread "Unconstrained build operations Thread 6" [_thread_blocked, id=9156, stack(0x000000c814300000,0x000000c814400000)]
  0x000002c37de95800 JavaThread "Unconstrained build operations Thread 7" [_thread_blocked, id=648, stack(0x000000c814400000,0x000000c814500000)]
  0x000002c37de97000 JavaThread "Unconstrained build operations Thread 8" [_thread_blocked, id=2728, stack(0x000000c814500000,0x000000c814600000)]
  0x000002c37de98000 JavaThread "Unconstrained build operations Thread 9" [_thread_blocked, id=1708, stack(0x000000c814600000,0x000000c814700000)]
  0x000002c37de92000 JavaThread "Unconstrained build operations Thread 10" [_thread_blocked, id=2796, stack(0x000000c814700000,0x000000c814800000)]
  0x000002c37de98800 JavaThread "Unconstrained build operations Thread 11" [_thread_blocked, id=1788, stack(0x000000c814800000,0x000000c814900000)]
  0x000002c37de93000 JavaThread "Unconstrained build operations Thread 12" [_thread_blocked, id=13140, stack(0x000000c814900000,0x000000c814a00000)]
  0x000002c37de93800 JavaThread "Unconstrained build operations Thread 13" [_thread_blocked, id=11408, stack(0x000000c814a00000,0x000000c814b00000)]
  0x000002c37de94800 JavaThread "Unconstrained build operations Thread 14" [_thread_blocked, id=9036, stack(0x000000c814b00000,0x000000c814c00000)]
  0x000002c37de9f000 JavaThread "Unconstrained build operations Thread 15" [_thread_blocked, id=3788, stack(0x000000c814c00000,0x000000c814d00000)]
  0x000002c37de9c000 JavaThread "Unconstrained build operations Thread 16" [_thread_blocked, id=12252, stack(0x000000c814d00000,0x000000c814e00000)]
  0x000002c37de9b000 JavaThread "Unconstrained build operations Thread 17" [_thread_blocked, id=620, stack(0x000000c814e00000,0x000000c814f00000)]
  0x000002c37de9e800 JavaThread "Unconstrained build operations Thread 18" [_thread_blocked, id=6372, stack(0x000000c814f00000,0x000000c815000000)]
  0x000002c37de9c800 JavaThread "Unconstrained build operations Thread 19" [_thread_blocked, id=3000, stack(0x000000c815000000,0x000000c815100000)]
  0x000002c37de9a800 JavaThread "Unconstrained build operations Thread 20" [_thread_blocked, id=10120, stack(0x000000c815100000,0x000000c815200000)]
  0x000002c37de9d800 JavaThread "Unconstrained build operations Thread 21" [_thread_blocked, id=2784, stack(0x000000c815200000,0x000000c815300000)]
  0x000002c305c8d000 JavaThread "Unconstrained build operations Thread 22" [_thread_blocked, id=13608, stack(0x000000c815300000,0x000000c815400000)]
  0x000002c305c8f800 JavaThread "Unconstrained build operations Thread 23" [_thread_blocked, id=12864, stack(0x000000c815400000,0x000000c815500000)]
  0x000002c305c90800 JavaThread "Unconstrained build operations Thread 24" [_thread_blocked, id=9692, stack(0x000000c815500000,0x000000c815600000)]
  0x000002c305c8e000 JavaThread "Unconstrained build operations Thread 25" [_thread_blocked, id=8012, stack(0x000000c815600000,0x000000c815700000)]
  0x000002c305c91800 JavaThread "Unconstrained build operations Thread 26" [_thread_blocked, id=13064, stack(0x000000c815700000,0x000000c815800000)]
  0x000002c305c92000 JavaThread "Unconstrained build operations Thread 27" [_thread_blocked, id=1536, stack(0x000000c815800000,0x000000c815900000)]
  0x000002c305c93000 JavaThread "Unconstrained build operations Thread 28" [_thread_blocked, id=1844, stack(0x000000c815900000,0x000000c815a00000)]
  0x000002c305c8f000 JavaThread "Unconstrained build operations Thread 29" [_thread_blocked, id=6360, stack(0x000000c815a00000,0x000000c815b00000)]
  0x000002c305c93800 JavaThread "Unconstrained build operations Thread 30" [_thread_blocked, id=7688, stack(0x000000c815b00000,0x000000c815c00000)]
  0x000002c305c96000 JavaThread "Unconstrained build operations Thread 31" [_thread_blocked, id=13832, stack(0x000000c815c00000,0x000000c815d00000)]
  0x000002c305c9a800 JavaThread "Unconstrained build operations Thread 32" [_thread_blocked, id=9436, stack(0x000000c815d00000,0x000000c815e00000)]
  0x000002c305c9b000 JavaThread "Unconstrained build operations Thread 33" [_thread_blocked, id=7876, stack(0x000000c815e00000,0x000000c815f00000)]
  0x000002c305c95800 JavaThread "Unconstrained build operations Thread 34" [_thread_blocked, id=13164, stack(0x000000c815f00000,0x000000c816000000)]
  0x000002c305c9c000 JavaThread "Unconstrained build operations Thread 35" [_thread_blocked, id=13352, stack(0x000000c816000000,0x000000c816100000)]
  0x000002c305c99800 JavaThread "Unconstrained build operations Thread 36" [_thread_blocked, id=9264, stack(0x000000c816100000,0x000000c816200000)]
  0x000002c305c97000 JavaThread "Unconstrained build operations Thread 37" [_thread_blocked, id=3544, stack(0x000000c816200000,0x000000c816300000)]
  0x000002c30493c000 JavaThread "Unconstrained build operations Thread 38" [_thread_blocked, id=6044, stack(0x000000c816300000,0x000000c816400000)]
  0x000002c30493d000 JavaThread "Unconstrained build operations Thread 39" [_thread_blocked, id=7728, stack(0x000000c816400000,0x000000c816500000)]
  0x000002c304938000 JavaThread "Unconstrained build operations Thread 40" [_thread_blocked, id=8188, stack(0x000000c816500000,0x000000c816600000)]
  0x000002c30493a800 JavaThread "build event listener" [_thread_blocked, id=8332, stack(0x000000c816600000,0x000000c816700000)]
  0x000002c304937800 JavaThread "pool-16-thread-1" [_thread_blocked, id=2232, stack(0x000000c816c00000,0x000000c816d00000)]
  0x000002c30493e800 JavaThread "build event listener" [_thread_blocked, id=3148, stack(0x000000c816d00000,0x000000c816e00000)]
  0x000002c304939000 JavaThread "Execution worker for ':'" [_thread_blocked, id=7936, stack(0x000000c816e00000,0x000000c816f00000)]
  0x000002c30493f800 JavaThread "Execution worker for ':' Thread 2" [_thread_blocked, id=13052, stack(0x000000c816f00000,0x000000c817000000)]
  0x000002c304940800 JavaThread "Execution worker for ':' Thread 3" [_thread_blocked, id=10324, stack(0x000000c817000000,0x000000c817100000)]
  0x000002c304941000 JavaThread "Cache worker for execution history cache (C:\Users\Arogundade Ibrahim\AndroidStudioProjects\Bookeet\.gradle\7.3.3\executionHistory)" [_thread_blocked, id=11188, stack(0x000000c817100000,0x000000c817200000)]
  0x000002c304942000 JavaThread "WorkerExecutor Queue" [_thread_blocked, id=8736, stack(0x000000c817300000,0x000000c817400000)]
  0x000002c37b006800 JavaThread "WorkerExecutor Queue Thread 3" [_thread_in_native, id=944, stack(0x000000c817600000,0x000000c817700000)]
  0x000002c37b000800 JavaThread "WorkerExecutor Queue Thread 4" [_thread_blocked, id=3744, stack(0x000000c817700000,0x000000c817800000)]
  0x000002c37b007000 JavaThread "pool-17-thread-1" [_thread_blocked, id=8240, stack(0x000000c817800000,0x000000c817900000)]
  0x000002c37b003000 JavaThread "stderr" [_thread_in_native, id=2264, stack(0x000000c817900000,0x000000c817a00000)]
  0x000002c37b00f800 JavaThread "stdout" [_thread_in_native, id=13588, stack(0x000000c817b00000,0x000000c817c00000)]
  0x000002c37b00b800 JavaThread "C2 CompilerThread1" daemon [_thread_in_native, id=8256, stack(0x000000c813800000,0x000000c813900000)]

Other Threads:
  0x000002c379cca000 VMThread "VM Thread" [stack: 0x000000c811700000,0x000000c811800000] [id=13700]
  0x000002c37a6e5800 WatcherThread [stack: 0x000000c812100000,0x000000c812200000] [id=6080]
  0x000002c35f925800 GCTaskThread "GC Thread#0" [stack: 0x000000c811200000,0x000000c811300000] [id=9008]
  0x000002c37ab74800 GCTaskThread "GC Thread#1" [stack: 0x000000c812300000,0x000000c812400000] [id=12260]
  0x000002c37aa02800 GCTaskThread "GC Thread#2" [stack: 0x000000c812400000,0x000000c812500000] [id=7472]
  0x000002c37aa03000 GCTaskThread "GC Thread#3" [stack: 0x000000c812500000,0x000000c812600000] [id=8960]
  0x000002c35f956000 ConcurrentGCThread "G1 Main Marker" [stack: 0x000000c811300000,0x000000c811400000] [id=7208]
=>0x000002c35f958800 ConcurrentGCThread "G1 Conc#0" [stack: 0x000000c811400000,0x000000c811500000] [id=12900]
  0x000002c379b36800 ConcurrentGCThread "G1 Refine#0" [stack: 0x000000c811500000,0x000000c811600000] [id=10116]
  0x000002c379b37800 ConcurrentGCThread "G1 Young RemSet Sampling" [stack: 0x000000c811600000,0x000000c811700000] [id=7440]

Threads with active compile tasks:
C2 CompilerThread01409895 35277 %     4       com.google.common.collect.RegularImmutableTable::forCellsInternal @ 31 (139 bytes)
C2 CompilerThread11409895 35275       4       com.google.common.collect.SparseImmutableTable::<init> (468 bytes)

VM state:not at safepoint (normal execution)

VM Mutex/Monitor currently owned by a thread: None

Heap address: 0x0000000080000000, size: 2048 MB, Compressed Oops mode: 32-bit
Narrow klass base: 0x0000000000000000, Narrow klass shift: 3
Compressed class space size: 1073741824 Address: 0x0000000100000000

Heap:
 garbage-first heap   total 315392K, used 197801K [0x0000000080000000, 0x0000000100000000)
  region size 1024K, 21 young (21504K), 7 survivors (7168K)
 Metaspace       used 154266K, capacity 158977K, committed 170624K, reserved 1198080K
  class space    used 18575K, capacity 20351K, committed 22088K, reserved 1048576K
Heap Regions: E=young(eden), S=young(survivor), O=old, HS=humongous(starts), HC=humongous(continues), CS=collection set, F=free, A=archive, TAMS=top-at-mark-start (previous, next)
|   0|0x0000000080000000, 0x0000000080100000, 0x0000000080100000|100%|HS|  |TAMS 0x0000000080100000, 0x0000000080100000| Complete 
|   1|0x0000000080100000, 0x0000000080200000, 0x0000000080200000|100%|HC|  |TAMS 0x0000000080200000, 0x0000000080200000| Complete 
|   2|0x0000000080200000, 0x0000000080300000, 0x0000000080300000|100%|HC|  |TAMS 0x0000000080300000, 0x0000000080300000| Complete 
|   3|0x0000000080300000, 0x0000000080400000, 0x0000000080400000|100%| O|  |TAMS 0x0000000080400000, 0x0000000080400000| Untracked 
|   4|0x0000000080400000, 0x0000000080500000, 0x0000000080500000|100%| O|  |TAMS 0x0000000080500000, 0x0000000080500000| Untracked 
|   5|0x0000000080500000, 0x0000000080600000, 0x0000000080600000|100%| O|  |TAMS 0x0000000080600000, 0x0000000080600000| Untracked 
|   6|0x0000000080600000, 0x0000000080700000, 0x0000000080700000|100%| O|  |TAMS 0x0000000080700000, 0x0000000080700000| Untracked 
|   7|0x0000000080700000, 0x0000000080800000, 0x0000000080800000|100%| O|  |TAMS 0x0000000080800000, 0x0000000080800000| Untracked 
|   8|0x0000000080800000, 0x0000000080900000, 0x0000000080900000|100%| O|  |TAMS 0x0000000080900000, 0x0000000080900000| Untracked 
|   9|0x0000000080900000, 0x0000000080a00000, 0x0000000080a00000|100%| O|  |TAMS 0x0000000080a00000, 0x0000000080a00000| Untracked 
|  10|0x0000000080a00000, 0x0000000080b00000, 0x0000000080b00000|100%| O|  |TAMS 0x0000000080b00000, 0x0000000080b00000| Untracked 
|  11|0x0000000080b00000, 0x0000000080c00000, 0x0000000080c00000|100%| O|  |TAMS 0x0000000080c00000, 0x0000000080c00000| Untracked 
|  12|0x0000000080c00000, 0x0000000080d00000, 0x0000000080d00000|100%| O|  |TAMS 0x0000000080d00000, 0x0000000080d00000| Untracked 
|  13|0x0000000080d00000, 0x0000000080e00000, 0x0000000080e00000|100%| O|  |TAMS 0x0000000080e00000, 0x0000000080e00000| Untracked 
|  14|0x0000000080e00000, 0x0000000080f00000, 0x0000000080f00000|100%| O|  |TAMS 0x0000000080f00000, 0x0000000080f00000| Untracked 
|  15|0x0000000080f00000, 0x0000000081000000, 0x0000000081000000|100%| O|  |TAMS 0x0000000081000000, 0x0000000081000000| Untracked 
|  16|0x0000000081000000, 0x0000000081100000, 0x0000000081100000|100%|HS|  |TAMS 0x0000000081100000, 0x0000000081100000| Complete 
|  17|0x0000000081100000, 0x0000000081200000, 0x0000000081200000|100%|HS|  |TAMS 0x0000000081200000, 0x0000000081200000| Complete 
|  18|0x0000000081200000, 0x0000000081300000, 0x0000000081300000|100%|HS|  |TAMS 0x0000000081300000, 0x0000000081300000| Complete 
|  19|0x0000000081300000, 0x0000000081400000, 0x0000000081400000|100%|HS|  |TAMS 0x0000000081400000, 0x0000000081400000| Complete 
|  20|0x0000000081400000, 0x0000000081500000, 0x0000000081500000|100%|HC|  |TAMS 0x0000000081500000, 0x0000000081500000| Complete 
|  21|0x0000000081500000, 0x0000000081600000, 0x0000000081600000|100%|HC|  |TAMS 0x0000000081600000, 0x0000000081600000| Complete 
|  22|0x0000000081600000, 0x0000000081700000, 0x0000000081700000|100%|HS|  |TAMS 0x0000000081700000, 0x0000000081700000| Complete 
|  23|0x0000000081700000, 0x0000000081800000, 0x0000000081800000|100%|HC|  |TAMS 0x0000000081800000, 0x0000000081800000| Complete 
|  24|0x0000000081800000, 0x0000000081900000, 0x0000000081900000|100%| O|  |TAMS 0x0000000081900000, 0x0000000081900000| Untracked 
|  25|0x0000000081900000, 0x0000000081a00000, 0x0000000081a00000|100%| O|  |TAMS 0x0000000081a00000, 0x0000000081a00000| Untracked 
|  26|0x0000000081a00000, 0x0000000081b00000, 0x0000000081b00000|100%| O|  |TAMS 0x0000000081b00000, 0x0000000081b00000| Untracked 
|  27|0x0000000081b00000, 0x0000000081c00000, 0x0000000081c00000|100%| O|  |TAMS 0x0000000081c00000, 0x0000000081c00000| Untracked 
|  28|0x0000000081c00000, 0x0000000081d00000, 0x0000000081d00000|100%| O|  |TAMS 0x0000000081d00000, 0x0000000081d00000| Untracked 
|  29|0x0000000081d00000, 0x0000000081e00000, 0x0000000081e00000|100%| O|  |TAMS 0x0000000081e00000, 0x0000000081e00000| Untracked 
|  30|0x0000000081e00000, 0x0000000081f00000, 0x0000000081f00000|100%| O|  |TAMS 0x0000000081f00000, 0x0000000081f00000| Untracked 
|  31|0x0000000081f00000, 0x0000000082000000, 0x0000000082000000|100%| O|  |TAMS 0x0000000082000000, 0x0000000082000000| Untracked 
|  32|0x0000000082000000, 0x0000000082100000, 0x0000000082100000|100%| O|  |TAMS 0x0000000082100000, 0x0000000082100000| Untracked 
|  33|0x0000000082100000, 0x0000000082200000, 0x0000000082200000|100%| O|  |TAMS 0x0000000082200000, 0x0000000082200000| Untracked 
|  34|0x0000000082200000, 0x0000000082300000, 0x0000000082300000|100%| O|  |TAMS 0x0000000082300000, 0x0000000082300000| Untracked 
|  35|0x0000000082300000, 0x0000000082400000, 0x0000000082400000|100%| O|  |TAMS 0x0000000082400000, 0x0000000082400000| Untracked 
|  36|0x0000000082400000, 0x0000000082500000, 0x0000000082500000|100%| O|  |TAMS 0x0000000082500000, 0x0000000082500000| Untracked 
|  37|0x0000000082500000, 0x0000000082600000, 0x0000000082600000|100%| O|  |TAMS 0x0000000082600000, 0x0000000082600000| Untracked 
|  38|0x0000000082600000, 0x0000000082700000, 0x0000000082700000|100%| O|  |TAMS 0x0000000082700000, 0x0000000082700000| Untracked 
|  39|0x0000000082700000, 0x0000000082800000, 0x0000000082800000|100%| O|  |TAMS 0x0000000082800000, 0x0000000082800000| Untracked 
|  40|0x0000000082800000, 0x0000000082900000, 0x0000000082900000|100%| O|  |TAMS 0x0000000082900000, 0x0000000082900000| Untracked 
|  41|0x0000000082900000, 0x0000000082a00000, 0x0000000082a00000|100%| O|  |TAMS 0x0000000082a00000, 0x0000000082a00000| Untracked 
|  42|0x0000000082a00000, 0x0000000082b00000, 0x0000000082b00000|100%| O|  |TAMS 0x0000000082b00000, 0x0000000082b00000| Untracked 
|  43|0x0000000082b00000, 0x0000000082c00000, 0x0000000082c00000|100%| O|  |TAMS 0x0000000082c00000, 0x0000000082c00000| Untracked 
|  44|0x0000000082c00000, 0x0000000082d00000, 0x0000000082d00000|100%| O|  |TAMS 0x0000000082d00000, 0x0000000082d00000| Untracked 
|  45|0x0000000082d00000, 0x0000000082e00000, 0x0000000082e00000|100%| O|  |TAMS 0x0000000082e00000, 0x0000000082e00000| Untracked 
|  46|0x0000000082e00000, 0x0000000082f00000, 0x0000000082f00000|100%| O|  |TAMS 0x0000000082f00000, 0x0000000082f00000| Untracked 
|  47|0x0000000082f00000, 0x0000000083000000, 0x0000000083000000|100%| O|  |TAMS 0x0000000083000000, 0x0000000083000000| Untracked 
|  48|0x0000000083000000, 0x0000000083100000, 0x0000000083100000|100%| O|  |TAMS 0x0000000083100000, 0x0000000083100000| Untracked 
|  49|0x0000000083100000, 0x0000000083200000, 0x0000000083200000|100%| O|  |TAMS 0x0000000083200000, 0x0000000083200000| Untracked 
|  50|0x0000000083200000, 0x0000000083300000, 0x0000000083300000|100%| O|  |TAMS 0x0000000083300000, 0x0000000083300000| Untracked 
|  51|0x0000000083300000, 0x0000000083400000, 0x0000000083400000|100%| O|  |TAMS 0x0000000083400000, 0x0000000083400000| Untracked 
|  52|0x0000000083400000, 0x0000000083500000, 0x0000000083500000|100%| O|  |TAMS 0x0000000083500000, 0x0000000083500000| Untracked 
|  53|0x0000000083500000, 0x0000000083600000, 0x0000000083600000|100%| O|  |TAMS 0x0000000083500000, 0x0000000083600000| Untracked 
|  54|0x0000000083600000, 0x0000000083700000, 0x0000000083700000|100%| O|  |TAMS 0x0000000083700000, 0x0000000083700000| Untracked 
|  55|0x0000000083700000, 0x0000000083800000, 0x0000000083800000|100%| O|  |TAMS 0x0000000083800000, 0x0000000083800000| Untracked 
|  56|0x0000000083800000, 0x0000000083900000, 0x0000000083900000|100%| O|  |TAMS 0x0000000083900000, 0x0000000083900000| Untracked 
|  57|0x0000000083900000, 0x0000000083a00000, 0x0000000083a00000|100%| O|  |TAMS 0x0000000083a00000, 0x0000000083a00000| Untracked 
|  58|0x0000000083a00000, 0x0000000083b00000, 0x0000000083b00000|100%| O|  |TAMS 0x0000000083b00000, 0x0000000083b00000| Untracked 
|  59|0x0000000083b00000, 0x0000000083c00000, 0x0000000083c00000|100%| O|  |TAMS 0x0000000083c00000, 0x0000000083c00000| Untracked 
|  60|0x0000000083c00000, 0x0000000083d00000, 0x0000000083d00000|100%| O|  |TAMS 0x0000000083d00000, 0x0000000083d00000| Untracked 
|  61|0x0000000083d00000, 0x0000000083e00000, 0x0000000083e00000|100%| O|  |TAMS 0x0000000083e00000, 0x0000000083e00000| Untracked 
|  62|0x0000000083e00000, 0x0000000083f00000, 0x0000000083f00000|100%| O|  |TAMS 0x0000000083f00000, 0x0000000083f00000| Untracked 
|  63|0x0000000083f00000, 0x0000000084000000, 0x0000000084000000|100%| O|  |TAMS 0x0000000084000000, 0x0000000084000000| Untracked 
|  64|0x0000000084000000, 0x0000000084100000, 0x0000000084100000|100%| O|  |TAMS 0x0000000084000000, 0x0000000084100000| Untracked 
|  65|0x0000000084100000, 0x0000000084200000, 0x0000000084200000|100%| O|  |TAMS 0x0000000084200000, 0x0000000084200000| Untracked 
|  66|0x0000000084200000, 0x0000000084300000, 0x0000000084300000|100%| O|  |TAMS 0x0000000084300000, 0x0000000084300000| Untracked 
|  67|0x0000000084300000, 0x0000000084400000, 0x0000000084400000|100%| O|  |TAMS 0x0000000084300000, 0x0000000084400000| Untracked 
|  68|0x0000000084400000, 0x0000000084500000, 0x0000000084500000|100%| O|  |TAMS 0x0000000084500000, 0x0000000084500000| Untracked 
|  69|0x0000000084500000, 0x0000000084600000, 0x0000000084600000|100%| O|  |TAMS 0x0000000084500000, 0x0000000084600000| Untracked 
|  70|0x0000000084600000, 0x0000000084700000, 0x0000000084700000|100%| O|  |TAMS 0x0000000084700000, 0x0000000084700000| Untracked 
|  71|0x0000000084700000, 0x0000000084800000, 0x0000000084800000|100%| O|  |TAMS 0x0000000084800000, 0x0000000084800000| Untracked 
|  72|0x0000000084800000, 0x0000000084900000, 0x0000000084900000|100%| O|  |TAMS 0x0000000084900000, 0x0000000084900000| Untracked 
|  73|0x0000000084900000, 0x0000000084a00000, 0x0000000084a00000|100%| O|  |TAMS 0x0000000084a00000, 0x0000000084a00000| Untracked 
|  74|0x0000000084a00000, 0x0000000084b00000, 0x0000000084b00000|100%| O|  |TAMS 0x0000000084b00000, 0x0000000084b00000| Untracked 
|  75|0x0000000084b00000, 0x0000000084c00000, 0x0000000084c00000|100%| O|  |TAMS 0x0000000084c00000, 0x0000000084c00000| Untracked 
|  76|0x0000000084c00000, 0x0000000084d00000, 0x0000000084d00000|100%| O|  |TAMS 0x0000000084d00000, 0x0000000084d00000| Untracked 
|  77|0x0000000084d00000, 0x0000000084e00000, 0x0000000084e00000|100%| O|  |TAMS 0x0000000084e00000, 0x0000000084e00000| Untracked 
|  78|0x0000000084e00000, 0x0000000084f00000, 0x0000000084f00000|100%| O|  |TAMS 0x0000000084f00000, 0x0000000084f00000| Untracked 
|  79|0x0000000084f00000, 0x0000000085000000, 0x0000000085000000|100%| O|  |TAMS 0x0000000085000000, 0x0000000085000000| Untracked 
|  80|0x0000000085000000, 0x0000000085100000, 0x0000000085100000|100%| O|  |TAMS 0x0000000085100000, 0x0000000085100000| Untracked 
|  81|0x0000000085100000, 0x0000000085200000, 0x0000000085200000|100%| O|  |TAMS 0x0000000085200000, 0x0000000085200000| Untracked 
|  82|0x0000000085200000, 0x0000000085300000, 0x0000000085300000|100%| O|  |TAMS 0x0000000085300000, 0x0000000085300000| Untracked 
|  83|0x0000000085300000, 0x0000000085400000, 0x0000000085400000|100%| O|  |TAMS 0x0000000085400000, 0x0000000085400000| Untracked 
|  84|0x0000000085400000, 0x0000000085500000, 0x0000000085500000|100%| O|  |TAMS 0x0000000085400000, 0x0000000085500000| Untracked 
|  85|0x0000000085500000, 0x0000000085600000, 0x0000000085600000|100%| O|  |TAMS 0x0000000085600000, 0x0000000085600000| Untracked 
|  86|0x0000000085600000, 0x0000000085700000, 0x0000000085700000|100%| O|  |TAMS 0x0000000085700000, 0x0000000085700000| Untracked 
|  87|0x0000000085700000, 0x0000000085800000, 0x0000000085800000|100%| O|  |TAMS 0x0000000085800000, 0x0000000085800000| Untracked 
|  88|0x0000000085800000, 0x0000000085900000, 0x0000000085900000|100%| O|  |TAMS 0x0000000085900000, 0x0000000085900000| Untracked 
|  89|0x0000000085900000, 0x0000000085a00000, 0x0000000085a00000|100%| O|  |TAMS 0x0000000085a00000, 0x0000000085a00000| Untracked 
|  90|0x0000000085a00000, 0x0000000085b00000, 0x0000000085b00000|100%| O|  |TAMS 0x0000000085b00000, 0x0000000085b00000| Untracked 
|  91|0x0000000085b00000, 0x0000000085c00000, 0x0000000085c00000|100%| O|  |TAMS 0x0000000085c00000, 0x0000000085c00000| Untracked 
|  92|0x0000000085c00000, 0x0000000085d00000, 0x0000000085d00000|100%| O|  |TAMS 0x0000000085c00000, 0x0000000085d00000| Untracked 
|  93|0x0000000085d00000, 0x0000000085e00000, 0x0000000085e00000|100%| O|  |TAMS 0x0000000085d00000, 0x0000000085e00000| Untracked 
|  94|0x0000000085e00000, 0x0000000085f00000, 0x0000000085f00000|100%| O|  |TAMS 0x0000000085e00000, 0x0000000085f00000| Untracked 
|  95|0x0000000085f00000, 0x0000000086000000, 0x0000000086000000|100%| O|  |TAMS 0x0000000085f00000, 0x0000000086000000| Untracked 
|  96|0x0000000086000000, 0x0000000086100000, 0x0000000086100000|100%| O|  |TAMS 0x0000000086100000, 0x0000000086100000| Untracked 
|  97|0x0000000086100000, 0x0000000086100000, 0x0000000086200000|  0%| F|  |TAMS 0x0000000086100000, 0x0000000086100000| Untracked 
|  98|0x0000000086200000, 0x0000000086300000, 0x0000000086300000|100%| O|  |TAMS 0x0000000086300000, 0x0000000086300000| Untracked 
|  99|0x0000000086300000, 0x0000000086400000, 0x0000000086400000|100%| O|  |TAMS 0x0000000086400000, 0x0000000086400000| Untracked 
| 100|0x0000000086400000, 0x0000000086500000, 0x0000000086500000|100%| O|  |TAMS 0x0000000086500000, 0x0000000086500000| Untracked 
| 101|0x0000000086500000, 0x0000000086600000, 0x0000000086600000|100%| O|  |TAMS 0x0000000086600000, 0x0000000086600000| Untracked 
| 102|0x0000000086600000, 0x0000000086700000, 0x0000000086700000|100%| O|  |TAMS 0x0000000086600000, 0x0000000086700000| Untracked 
| 103|0x0000000086700000, 0x0000000086800000, 0x0000000086800000|100%| O|  |TAMS 0x0000000086700000, 0x0000000086800000| Untracked 
| 104|0x0000000086800000, 0x0000000086900000, 0x0000000086900000|100%| O|  |TAMS 0x0000000086900000, 0x0000000086900000| Untracked 
| 105|0x0000000086900000, 0x0000000086a00000, 0x0000000086a00000|100%| O|  |TAMS 0x0000000086a00000, 0x0000000086a00000| Untracked 
| 106|0x0000000086a00000, 0x0000000086b00000, 0x0000000086b00000|100%| O|  |TAMS 0x0000000086b00000, 0x0000000086b00000| Untracked 
| 107|0x0000000086b00000, 0x0000000086c00000, 0x0000000086c00000|100%| O|  |TAMS 0x0000000086c00000, 0x0000000086c00000| Untracked 
| 108|0x0000000086c00000, 0x0000000086c00000, 0x0000000086d00000|  0%| F|  |TAMS 0x0000000086c00000, 0x0000000086c00000| Untracked 
| 109|0x0000000086d00000, 0x0000000086e00000, 0x0000000086e00000|100%| O|  |TAMS 0x0000000086e00000, 0x0000000086e00000| Untracked 
| 110|0x0000000086e00000, 0x0000000086f00000, 0x0000000086f00000|100%| O|  |TAMS 0x0000000086f00000, 0x0000000086f00000| Untracked 
| 111|0x0000000086f00000, 0x0000000087000000, 0x0000000087000000|100%| O|  |TAMS 0x0000000087000000, 0x0000000087000000| Untracked 
| 112|0x0000000087000000, 0x0000000087000000, 0x0000000087100000|  0%| F|  |TAMS 0x0000000087000000, 0x0000000087000000| Untracked 
| 113|0x0000000087100000, 0x0000000087200000, 0x0000000087200000|100%| O|  |TAMS 0x0000000087200000, 0x0000000087200000| Untracked 
| 114|0x0000000087200000, 0x0000000087300000, 0x0000000087300000|100%| O|  |TAMS 0x0000000087200000, 0x0000000087300000| Untracked 
| 115|0x0000000087300000, 0x0000000087400000, 0x0000000087400000|100%| O|  |TAMS 0x0000000087400000, 0x0000000087400000| Untracked 
| 116|0x0000000087400000, 0x0000000087500000, 0x0000000087500000|100%| O|  |TAMS 0x0000000087500000, 0x0000000087500000| Untracked 
| 117|0x0000000087500000, 0x0000000087600000, 0x0000000087600000|100%| O|  |TAMS 0x0000000087600000, 0x0000000087600000| Untracked 
| 118|0x0000000087600000, 0x0000000087700000, 0x0000000087700000|100%| O|  |TAMS 0x0000000087700000, 0x0000000087700000| Untracked 
| 119|0x0000000087700000, 0x0000000087800000, 0x0000000087800000|100%| O|  |TAMS 0x0000000087800000, 0x0000000087800000| Untracked 
| 120|0x0000000087800000, 0x0000000087900000, 0x0000000087900000|100%| O|  |TAMS 0x0000000087900000, 0x0000000087900000| Untracked 
| 121|0x0000000087900000, 0x0000000087900000, 0x0000000087a00000|  0%| F|  |TAMS 0x0000000087900000, 0x0000000087900000| Untracked 
| 122|0x0000000087a00000, 0x0000000087b00000, 0x0000000087b00000|100%|HS|  |TAMS 0x0000000087b00000, 0x0000000087b00000| Complete 
| 123|0x0000000087b00000, 0x0000000087c00000, 0x0000000087c00000|100%|HC|  |TAMS 0x0000000087c00000, 0x0000000087c00000| Complete 
| 124|0x0000000087c00000, 0x0000000087d00000, 0x0000000087d00000|100%|HC|  |TAMS 0x0000000087d00000, 0x0000000087d00000| Complete 
| 125|0x0000000087d00000, 0x0000000087e00000, 0x0000000087e00000|100%| O|  |TAMS 0x0000000087e00000, 0x0000000087e00000| Untracked 
| 126|0x0000000087e00000, 0x0000000087f00000, 0x0000000087f00000|100%| O|  |TAMS 0x0000000087f00000, 0x0000000087f00000| Untracked 
| 127|0x0000000087f00000, 0x0000000087f00000, 0x0000000088000000|  0%| F|  |TAMS 0x0000000087f00000, 0x0000000087f00000| Untracked 
| 128|0x0000000088000000, 0x0000000088100000, 0x0000000088100000|100%| O|  |TAMS 0x0000000088100000, 0x0000000088100000| Untracked 
| 129|0x0000000088100000, 0x0000000088200000, 0x0000000088200000|100%| O|  |TAMS 0x0000000088200000, 0x0000000088200000| Untracked 
| 130|0x0000000088200000, 0x0000000088300000, 0x0000000088300000|100%| O|  |TAMS 0x0000000088300000, 0x0000000088300000| Untracked 
| 131|0x0000000088300000, 0x0000000088400000, 0x0000000088400000|100%| O|  |TAMS 0x0000000088300000, 0x0000000088400000| Untracked 
| 132|0x0000000088400000, 0x0000000088500000, 0x0000000088500000|100%| O|  |TAMS 0x0000000088400000, 0x0000000088500000| Untracked 
| 133|0x0000000088500000, 0x0000000088600000, 0x0000000088600000|100%| O|  |TAMS 0x0000000088500000, 0x0000000088600000| Untracked 
| 134|0x0000000088600000, 0x0000000088700000, 0x0000000088700000|100%| O|  |TAMS 0x0000000088700000, 0x0000000088700000| Untracked 
| 135|0x0000000088700000, 0x0000000088800000, 0x0000000088800000|100%| O|  |TAMS 0x0000000088700000, 0x0000000088800000| Untracked 
| 136|0x0000000088800000, 0x0000000088900000, 0x0000000088900000|100%| O|  |TAMS 0x0000000088800000, 0x0000000088900000| Untracked 
| 137|0x0000000088900000, 0x0000000088a00000, 0x0000000088a00000|100%| O|  |TAMS 0x0000000088a00000, 0x0000000088a00000| Untracked 
| 138|0x0000000088a00000, 0x0000000088b00000, 0x0000000088b00000|100%| O|  |TAMS 0x0000000088b00000, 0x0000000088b00000| Untracked 
| 139|0x0000000088b00000, 0x0000000088c00000, 0x0000000088c00000|100%| O|  |TAMS 0x0000000088c00000, 0x0000000088c00000| Untracked 
| 140|0x0000000088c00000, 0x0000000088d00000, 0x0000000088d00000|100%| O|  |TAMS 0x0000000088c00000, 0x0000000088d00000| Untracked 
| 141|0x0000000088d00000, 0x0000000088da3800, 0x0000000088e00000| 63%| O|  |TAMS 0x0000000088d00000, 0x0000000088da3800| Untracked 
| 142|0x0000000088e00000, 0x0000000088e00000, 0x0000000088f00000|  0%| F|  |TAMS 0x0000000088e00000, 0x0000000088e00000| Untracked 
| 143|0x0000000088f00000, 0x0000000088f00000, 0x0000000089000000|  0%| F|  |TAMS 0x0000000088f00000, 0x0000000088f00000| Untracked 
| 144|0x0000000089000000, 0x0000000089100000, 0x0000000089100000|100%| O|  |TAMS 0x0000000089000000, 0x0000000089100000| Untracked 
| 145|0x0000000089100000, 0x0000000089200000, 0x0000000089200000|100%| O|  |TAMS 0x0000000089200000, 0x0000000089200000| Untracked 
| 146|0x0000000089200000, 0x0000000089300000, 0x0000000089300000|100%| O|  |TAMS 0x0000000089200000, 0x0000000089300000| Untracked 
| 147|0x0000000089300000, 0x0000000089400000, 0x0000000089400000|100%| O|  |TAMS 0x0000000089400000, 0x0000000089400000| Untracked 
| 148|0x0000000089400000, 0x0000000089400000, 0x0000000089500000|  0%| F|  |TAMS 0x0000000089400000, 0x0000000089400000| Untracked 
| 149|0x0000000089500000, 0x0000000089600000, 0x0000000089600000|100%| O|  |TAMS 0x0000000089600000, 0x0000000089600000| Untracked 
| 150|0x0000000089600000, 0x0000000089700000, 0x0000000089700000|100%| O|  |TAMS 0x0000000089700000, 0x0000000089700000| Untracked 
| 151|0x0000000089700000, 0x0000000089800000, 0x0000000089800000|100%| O|  |TAMS 0x0000000089800000, 0x0000000089800000| Untracked 
| 152|0x0000000089800000, 0x0000000089800000, 0x0000000089900000|  0%| F|  |TAMS 0x0000000089800000, 0x0000000089800000| Untracked 
| 153|0x0000000089900000, 0x0000000089900000, 0x0000000089a00000|  0%| F|  |TAMS 0x0000000089900000, 0x0000000089900000| Untracked 
| 154|0x0000000089a00000, 0x0000000089a00000, 0x0000000089b00000|  0%| F|  |TAMS 0x0000000089a00000, 0x0000000089a00000| Untracked 
| 155|0x0000000089b00000, 0x0000000089b00000, 0x0000000089c00000|  0%| F|  |TAMS 0x0000000089b00000, 0x0000000089b00000| Untracked 
| 156|0x0000000089c00000, 0x0000000089d00000, 0x0000000089d00000|100%| O|  |TAMS 0x0000000089d00000, 0x0000000089d00000| Untracked 
| 157|0x0000000089d00000, 0x0000000089d00000, 0x0000000089e00000|  0%| F|  |TAMS 0x0000000089d00000, 0x0000000089d00000| Untracked 
| 158|0x0000000089e00000, 0x0000000089f00000, 0x0000000089f00000|100%| O|  |TAMS 0x0000000089f00000, 0x0000000089f00000| Untracked 
| 159|0x0000000089f00000, 0x0000000089f00000, 0x000000008a000000|  0%| F|  |TAMS 0x0000000089f00000, 0x0000000089f00000| Untracked 
| 160|0x000000008a000000, 0x000000008a100000, 0x000000008a100000|100%|HS|  |TAMS 0x000000008a100000, 0x000000008a100000| Complete 
| 161|0x000000008a100000, 0x000000008a100000, 0x000000008a200000|  0%| F|  |TAMS 0x000000008a100000, 0x000000008a100000| Untracked 
| 162|0x000000008a200000, 0x000000008a200000, 0x000000008a300000|  0%| F|  |TAMS 0x000000008a200000, 0x000000008a200000| Untracked 
| 163|0x000000008a300000, 0x000000008a300000, 0x000000008a400000|  0%| F|  |TAMS 0x000000008a300000, 0x000000008a300000| Untracked 
| 164|0x000000008a400000, 0x000000008a400000, 0x000000008a500000|  0%| F|  |TAMS 0x000000008a400000, 0x000000008a400000| Untracked 
| 165|0x000000008a500000, 0x000000008a500000, 0x000000008a600000|  0%| F|  |TAMS 0x000000008a500000, 0x000000008a500000| Untracked 
| 166|0x000000008a600000, 0x000000008a600000, 0x000000008a700000|  0%| F|  |TAMS 0x000000008a600000, 0x000000008a600000| Untracked 
| 167|0x000000008a700000, 0x000000008a700000, 0x000000008a800000|  0%| F|  |TAMS 0x000000008a700000, 0x000000008a700000| Untracked 
| 168|0x000000008a800000, 0x000000008a900000, 0x000000008a900000|100%| O|  |TAMS 0x000000008a900000, 0x000000008a900000| Untracked 
| 169|0x000000008a900000, 0x000000008a900000, 0x000000008aa00000|  0%| F|  |TAMS 0x000000008a900000, 0x000000008a900000| Untracked 
| 170|0x000000008aa00000, 0x000000008aa00000, 0x000000008ab00000|  0%| F|  |TAMS 0x000000008aa00000, 0x000000008aa00000| Untracked 
| 171|0x000000008ab00000, 0x000000008ab00000, 0x000000008ac00000|  0%| F|  |TAMS 0x000000008ab00000, 0x000000008ab00000| Untracked 
| 172|0x000000008ac00000, 0x000000008ad00000, 0x000000008ad00000|100%| O|  |TAMS 0x000000008ad00000, 0x000000008ad00000| Untracked 
| 173|0x000000008ad00000, 0x000000008ae00000, 0x000000008ae00000|100%| O|  |TAMS 0x000000008ae00000, 0x000000008ae00000| Untracked 
| 174|0x000000008ae00000, 0x000000008af00000, 0x000000008af00000|100%| O|  |TAMS 0x000000008af00000, 0x000000008af00000| Untracked 
| 175|0x000000008af00000, 0x000000008b000000, 0x000000008b000000|100%| O|  |TAMS 0x000000008b000000, 0x000000008b000000| Untracked 
| 176|0x000000008b000000, 0x000000008b100000, 0x000000008b100000|100%| O|  |TAMS 0x000000008b100000, 0x000000008b100000| Untracked 
| 177|0x000000008b100000, 0x000000008b100000, 0x000000008b200000|  0%| F|  |TAMS 0x000000008b100000, 0x000000008b100000| Untracked 
| 178|0x000000008b200000, 0x000000008b300000, 0x000000008b300000|100%| O|  |TAMS 0x000000008b258200, 0x000000008b300000| Untracked 
| 179|0x000000008b300000, 0x000000008b300000, 0x000000008b400000|  0%| F|  |TAMS 0x000000008b300000, 0x000000008b300000| Untracked 
| 180|0x000000008b400000, 0x000000008b400000, 0x000000008b500000|  0%| F|  |TAMS 0x000000008b400000, 0x000000008b400000| Untracked 
| 181|0x000000008b500000, 0x000000008b500000, 0x000000008b600000|  0%| F|  |TAMS 0x000000008b500000, 0x000000008b500000| Untracked 
| 182|0x000000008b600000, 0x000000008b600000, 0x000000008b700000|  0%| F|  |TAMS 0x000000008b600000, 0x000000008b600000| Untracked 
| 183|0x000000008b700000, 0x000000008b800000, 0x000000008b800000|100%| O|  |TAMS 0x000000008b800000, 0x000000008b800000| Untracked 
| 184|0x000000008b800000, 0x000000008b900000, 0x000000008b900000|100%| O|  |TAMS 0x000000008b900000, 0x000000008b900000| Untracked 
| 185|0x000000008b900000, 0x000000008b900000, 0x000000008ba00000|  0%| F|  |TAMS 0x000000008b900000, 0x000000008b900000| Untracked 
| 186|0x000000008ba00000, 0x000000008ba00000, 0x000000008bb00000|  0%| F|  |TAMS 0x000000008ba00000, 0x000000008ba00000| Untracked 
| 187|0x000000008bb00000, 0x000000008bb00000, 0x000000008bc00000|  0%| F|  |TAMS 0x000000008bb00000, 0x000000008bb00000| Untracked 
| 188|0x000000008bc00000, 0x000000008bc00000, 0x000000008bd00000|  0%| F|  |TAMS 0x000000008bc00000, 0x000000008bc00000| Untracked 
| 189|0x000000008bd00000, 0x000000008be00000, 0x000000008be00000|100%| O|  |TAMS 0x000000008be00000, 0x000000008be00000| Untracked 
| 190|0x000000008be00000, 0x000000008be00000, 0x000000008bf00000|  0%| F|  |TAMS 0x000000008be00000, 0x000000008be00000| Untracked 
| 191|0x000000008bf00000, 0x000000008bf00000, 0x000000008c000000|  0%| F|  |TAMS 0x000000008bf00000, 0x000000008bf00000| Untracked 
| 192|0x000000008c000000, 0x000000008c000000, 0x000000008c100000|  0%| F|  |TAMS 0x000000008c000000, 0x000000008c000000| Untracked 
| 193|0x000000008c100000, 0x000000008c100000, 0x000000008c200000|  0%| F|  |TAMS 0x000000008c100000, 0x000000008c100000| Untracked 
| 194|0x000000008c200000, 0x000000008c300000, 0x000000008c300000|100%| O|  |TAMS 0x000000008c300000, 0x000000008c300000| Untracked 
| 195|0x000000008c300000, 0x000000008c400000, 0x000000008c400000|100%| O|  |TAMS 0x000000008c400000, 0x000000008c400000| Untracked 
| 196|0x000000008c400000, 0x000000008c500000, 0x000000008c500000|100%| O|  |TAMS 0x000000008c500000, 0x000000008c500000| Untracked 
| 197|0x000000008c500000, 0x000000008c600000, 0x000000008c600000|100%| O|  |TAMS 0x000000008c600000, 0x000000008c600000| Untracked 
| 198|0x000000008c600000, 0x000000008c700000, 0x000000008c700000|100%| O|  |TAMS 0x000000008c700000, 0x000000008c700000| Untracked 
| 199|0x000000008c700000, 0x000000008c800000, 0x000000008c800000|100%| O|  |TAMS 0x000000008c800000, 0x000000008c800000| Untracked 
| 200|0x000000008c800000, 0x000000008c800000, 0x000000008c900000|  0%| F|  |TAMS 0x000000008c800000, 0x000000008c800000| Untracked 
| 201|0x000000008c900000, 0x000000008ca00000, 0x000000008ca00000|100%| O|  |TAMS 0x000000008ca00000, 0x000000008ca00000| Untracked 
| 202|0x000000008ca00000, 0x000000008ca00000, 0x000000008cb00000|  0%| F|  |TAMS 0x000000008ca00000, 0x000000008ca00000| Untracked 
| 203|0x000000008cb00000, 0x000000008cb00000, 0x000000008cc00000|  0%| F|  |TAMS 0x000000008cb00000, 0x000000008cb00000| Untracked 
| 204|0x000000008cc00000, 0x000000008cc00000, 0x000000008cd00000|  0%| F|  |TAMS 0x000000008cc00000, 0x000000008cc00000| Untracked 
| 205|0x000000008cd00000, 0x000000008cd00000, 0x000000008ce00000|  0%| F|  |TAMS 0x000000008cd00000, 0x000000008cd00000| Untracked 
| 206|0x000000008ce00000, 0x000000008ce00000, 0x000000008cf00000|  0%| F|  |TAMS 0x000000008ce00000, 0x000000008ce00000| Untracked 
| 207|0x000000008cf00000, 0x000000008cf00000, 0x000000008d000000|  0%| F|  |TAMS 0x000000008cf00000, 0x000000008cf00000| Untracked 
| 208|0x000000008d000000, 0x000000008d100000, 0x000000008d100000|100%| O|  |TAMS 0x000000008d100000, 0x000000008d100000| Untracked 
| 209|0x000000008d100000, 0x000000008d200000, 0x000000008d200000|100%| O|  |TAMS 0x000000008d200000, 0x000000008d200000| Untracked 
| 210|0x000000008d200000, 0x000000008d200000, 0x000000008d300000|  0%| F|  |TAMS 0x000000008d200000, 0x000000008d200000| Untracked 
| 211|0x000000008d300000, 0x000000008d300000, 0x000000008d400000|  0%| F|  |TAMS 0x000000008d300000, 0x000000008d300000| Untracked 
| 212|0x000000008d400000, 0x000000008d500000, 0x000000008d500000|100%| O|  |TAMS 0x000000008d500000, 0x000000008d500000| Untracked 
| 213|0x000000008d500000, 0x000000008d500000, 0x000000008d600000|  0%| F|  |TAMS 0x000000008d500000, 0x000000008d500000| Untracked 
| 214|0x000000008d600000, 0x000000008d700000, 0x000000008d700000|100%| O|  |TAMS 0x000000008d700000, 0x000000008d700000| Untracked 
| 215|0x000000008d700000, 0x000000008d700000, 0x000000008d800000|  0%| F|  |TAMS 0x000000008d700000, 0x000000008d700000| Untracked 
| 216|0x000000008d800000, 0x000000008d800000, 0x000000008d900000|  0%| F|  |TAMS 0x000000008d800000, 0x000000008d800000| Untracked 
| 217|0x000000008d900000, 0x000000008da00000, 0x000000008da00000|100%| O|  |TAMS 0x000000008da00000, 0x000000008da00000| Untracked 
| 218|0x000000008da00000, 0x000000008db00000, 0x000000008db00000|100%| O|  |TAMS 0x000000008db00000, 0x000000008db00000| Untracked 
| 219|0x000000008db00000, 0x000000008dc00000, 0x000000008dc00000|100%| O|  |TAMS 0x000000008dc00000, 0x000000008dc00000| Untracked 
| 220|0x000000008dc00000, 0x000000008dd00000, 0x000000008dd00000|100%| O|  |TAMS 0x000000008dd00000, 0x000000008dd00000| Untracked 
| 221|0x000000008dd00000, 0x000000008de00000, 0x000000008de00000|100%| O|  |TAMS 0x000000008de00000, 0x000000008de00000| Untracked 
| 222|0x000000008de00000, 0x000000008df00000, 0x000000008df00000|100%| O|  |TAMS 0x000000008df00000, 0x000000008df00000| Untracked 
| 223|0x000000008df00000, 0x000000008df00000, 0x000000008e000000|  0%| F|  |TAMS 0x000000008df00000, 0x000000008df00000| Untracked 
| 224|0x000000008e000000, 0x000000008e000000, 0x000000008e100000|  0%| F|  |TAMS 0x000000008e000000, 0x000000008e000000| Untracked 
| 225|0x000000008e100000, 0x000000008e100000, 0x000000008e200000|  0%| F|  |TAMS 0x000000008e100000, 0x000000008e100000| Untracked 
| 226|0x000000008e200000, 0x000000008e200000, 0x000000008e300000|  0%| F|  |TAMS 0x000000008e200000, 0x000000008e200000| Untracked 
| 227|0x000000008e300000, 0x000000008e300000, 0x000000008e400000|  0%| F|  |TAMS 0x000000008e300000, 0x000000008e300000| Untracked 
| 228|0x000000008e400000, 0x000000008e400000, 0x000000008e500000|  0%| F|  |TAMS 0x000000008e400000, 0x000000008e400000| Untracked 
| 229|0x000000008e500000, 0x000000008e500000, 0x000000008e600000|  0%| F|  |TAMS 0x000000008e500000, 0x000000008e500000| Untracked 
| 230|0x000000008e600000, 0x000000008e686cc0, 0x000000008e700000| 52%| S|CS|TAMS 0x000000008e600000, 0x000000008e600000| Complete 
| 231|0x000000008e700000, 0x000000008e800000, 0x000000008e800000|100%| S|CS|TAMS 0x000000008e700000, 0x000000008e700000| Complete 
| 232|0x000000008e800000, 0x000000008e900000, 0x000000008e900000|100%| S|CS|TAMS 0x000000008e800000, 0x000000008e800000| Complete 
| 233|0x000000008e900000, 0x000000008ea00000, 0x000000008ea00000|100%| S|CS|TAMS 0x000000008e900000, 0x000000008e900000| Complete 
| 234|0x000000008ea00000, 0x000000008eb00000, 0x000000008eb00000|100%| S|CS|TAMS 0x000000008ea00000, 0x000000008ea00000| Complete 
| 235|0x000000008eb00000, 0x000000008ec00000, 0x000000008ec00000|100%| S|CS|TAMS 0x000000008eb00000, 0x000000008eb00000| Complete 
| 236|0x000000008ec00000, 0x000000008ed00000, 0x000000008ed00000|100%| S|CS|TAMS 0x000000008ec00000, 0x000000008ec00000| Complete 
| 237|0x000000008ed00000, 0x000000008ed00000, 0x000000008ee00000|  0%| F|  |TAMS 0x000000008ed00000, 0x000000008ed00000| Untracked 
| 238|0x000000008ee00000, 0x000000008ee00000, 0x000000008ef00000|  0%| F|  |TAMS 0x000000008ee00000, 0x000000008ee00000| Untracked 
| 239|0x000000008ef00000, 0x000000008ef00000, 0x000000008f000000|  0%| F|  |TAMS 0x000000008ef00000, 0x000000008ef00000| Untracked 
| 240|0x000000008f000000, 0x000000008f000000, 0x000000008f100000|  0%| F|  |TAMS 0x000000008f000000, 0x000000008f000000| Untracked 
| 241|0x000000008f100000, 0x000000008f100000, 0x000000008f200000|  0%| F|  |TAMS 0x000000008f100000, 0x000000008f100000| Untracked 
| 242|0x000000008f200000, 0x000000008f200000, 0x000000008f300000|  0%| F|  |TAMS 0x000000008f200000, 0x000000008f200000| Untracked 
| 243|0x000000008f300000, 0x000000008f300000, 0x000000008f400000|  0%| F|  |TAMS 0x000000008f300000, 0x000000008f300000| Untracked 
| 244|0x000000008f400000, 0x000000008f400000, 0x000000008f500000|  0%| F|  |TAMS 0x000000008f400000, 0x000000008f400000| Untracked 
| 245|0x000000008f500000, 0x000000008f500000, 0x000000008f600000|  0%| F|  |TAMS 0x000000008f500000, 0x000000008f500000| Untracked 
| 246|0x000000008f600000, 0x000000008f600000, 0x000000008f700000|  0%| F|  |TAMS 0x000000008f600000, 0x000000008f600000| Untracked 
| 247|0x000000008f700000, 0x000000008f700000, 0x000000008f800000|  0%| F|  |TAMS 0x000000008f700000, 0x000000008f700000| Untracked 
| 248|0x000000008f800000, 0x000000008f800000, 0x000000008f900000|  0%| F|  |TAMS 0x000000008f800000, 0x000000008f800000| Untracked 
| 249|0x000000008f900000, 0x000000008f900000, 0x000000008fa00000|  0%| F|  |TAMS 0x000000008f900000, 0x000000008f900000| Untracked 
| 250|0x000000008fa00000, 0x000000008fa00000, 0x000000008fb00000|  0%| F|  |TAMS 0x000000008fa00000, 0x000000008fa00000| Untracked 
| 251|0x000000008fb00000, 0x000000008fb00000, 0x000000008fc00000|  0%| F|  |TAMS 0x000000008fb00000, 0x000000008fb00000| Untracked 
| 252|0x000000008fc00000, 0x000000008fc00000, 0x000000008fd00000|  0%| F|  |TAMS 0x000000008fc00000, 0x000000008fc00000| Untracked 
| 253|0x000000008fd00000, 0x000000008fd00000, 0x000000008fe00000|  0%| F|  |TAMS 0x000000008fd00000, 0x000000008fd00000| Untracked 
| 254|0x000000008fe00000, 0x000000008fe00000, 0x000000008ff00000|  0%| F|  |TAMS 0x000000008fe00000, 0x000000008fe00000| Untracked 
| 255|0x000000008ff00000, 0x000000008ff00000, 0x0000000090000000|  0%| F|  |TAMS 0x000000008ff00000, 0x000000008ff00000| Untracked 
| 256|0x0000000090000000, 0x0000000090000000, 0x0000000090100000|  0%| F|  |TAMS 0x0000000090000000, 0x0000000090000000| Untracked 
| 257|0x0000000090100000, 0x0000000090100000, 0x0000000090200000|  0%| F|  |TAMS 0x0000000090100000, 0x0000000090100000| Untracked 
| 258|0x0000000090200000, 0x0000000090200000, 0x0000000090300000|  0%| F|  |TAMS 0x0000000090200000, 0x0000000090200000| Untracked 
| 259|0x0000000090300000, 0x0000000090300000, 0x0000000090400000|  0%| F|  |TAMS 0x0000000090300000, 0x0000000090300000| Untracked 
| 260|0x0000000090400000, 0x0000000090400000, 0x0000000090500000|  0%| F|  |TAMS 0x0000000090400000, 0x0000000090400000| Untracked 
| 261|0x0000000090500000, 0x0000000090500000, 0x0000000090600000|  0%| F|  |TAMS 0x0000000090500000, 0x0000000090500000| Untracked 
| 262|0x0000000090600000, 0x0000000090600000, 0x0000000090700000|  0%| F|  |TAMS 0x0000000090600000, 0x0000000090600000| Untracked 
| 263|0x0000000090700000, 0x0000000090700000, 0x0000000090800000|  0%| F|  |TAMS 0x0000000090700000, 0x0000000090700000| Untracked 
| 264|0x0000000090800000, 0x0000000090800000, 0x0000000090900000|  0%| F|  |TAMS 0x0000000090800000, 0x0000000090800000| Untracked 
| 265|0x0000000090900000, 0x0000000090900000, 0x0000000090a00000|  0%| F|  |TAMS 0x0000000090900000, 0x0000000090900000| Untracked 
| 266|0x0000000090a00000, 0x0000000090a00000, 0x0000000090b00000|  0%| F|  |TAMS 0x0000000090a00000, 0x0000000090a00000| Untracked 
| 267|0x0000000090b00000, 0x0000000090b00000, 0x0000000090c00000|  0%| F|  |TAMS 0x0000000090b00000, 0x0000000090b00000| Untracked 
| 268|0x0000000090c00000, 0x0000000090c00000, 0x0000000090d00000|  0%| F|  |TAMS 0x0000000090c00000, 0x0000000090c00000| Untracked 
| 269|0x0000000090d00000, 0x0000000090d00000, 0x0000000090e00000|  0%| F|  |TAMS 0x0000000090d00000, 0x0000000090d00000| Untracked 
| 270|0x0000000090e00000, 0x0000000090e00000, 0x0000000090f00000|  0%| F|  |TAMS 0x0000000090e00000, 0x0000000090e00000| Untracked 
| 271|0x0000000090f00000, 0x0000000090f00000, 0x0000000091000000|  0%| F|  |TAMS 0x0000000090f00000, 0x0000000090f00000| Untracked 
| 272|0x0000000091000000, 0x0000000091000000, 0x0000000091100000|  0%| F|  |TAMS 0x0000000091000000, 0x0000000091000000| Untracked 
| 273|0x0000000091100000, 0x0000000091100000, 0x0000000091200000|  0%| F|  |TAMS 0x0000000091100000, 0x0000000091100000| Untracked 
| 274|0x0000000091200000, 0x0000000091200000, 0x0000000091300000|  0%| F|  |TAMS 0x0000000091200000, 0x0000000091200000| Untracked 
| 275|0x0000000091300000, 0x0000000091300000, 0x0000000091400000|  0%| F|  |TAMS 0x0000000091300000, 0x0000000091300000| Untracked 
| 276|0x0000000091400000, 0x0000000091400000, 0x0000000091500000|  0%| F|  |TAMS 0x0000000091400000, 0x0000000091400000| Untracked 
| 277|0x0000000091500000, 0x0000000091500000, 0x0000000091600000|  0%| F|  |TAMS 0x0000000091500000, 0x0000000091500000| Untracked 
| 278|0x0000000091600000, 0x0000000091600000, 0x0000000091700000|  0%| F|  |TAMS 0x0000000091600000, 0x0000000091600000| Untracked 
| 279|0x0000000091700000, 0x0000000091700000, 0x0000000091800000|  0%| F|  |TAMS 0x0000000091700000, 0x0000000091700000| Untracked 
| 280|0x0000000091800000, 0x0000000091800000, 0x0000000091900000|  0%| F|  |TAMS 0x0000000091800000, 0x0000000091800000| Untracked 
| 281|0x0000000091900000, 0x0000000091900000, 0x0000000091a00000|  0%| F|  |TAMS 0x0000000091900000, 0x0000000091900000| Untracked 
| 282|0x0000000091a00000, 0x0000000091a00000, 0x0000000091b00000|  0%| F|  |TAMS 0x0000000091a00000, 0x0000000091a00000| Untracked 
| 283|0x0000000091b00000, 0x0000000091b00000, 0x0000000091c00000|  0%| F|  |TAMS 0x0000000091b00000, 0x0000000091b00000| Untracked 
| 284|0x0000000091c00000, 0x0000000091c00000, 0x0000000091d00000|  0%| F|  |TAMS 0x0000000091c00000, 0x0000000091c00000| Untracked 
| 285|0x0000000091d00000, 0x0000000091d00000, 0x0000000091e00000|  0%| F|  |TAMS 0x0000000091d00000, 0x0000000091d00000| Untracked 
| 286|0x0000000091e00000, 0x0000000091e00000, 0x0000000091f00000|  0%| F|  |TAMS 0x0000000091e00000, 0x0000000091e00000| Untracked 
| 287|0x0000000091f00000, 0x0000000091f00000, 0x0000000092000000|  0%| F|  |TAMS 0x0000000091f00000, 0x0000000091f00000| Untracked 
| 288|0x0000000092000000, 0x0000000092000000, 0x0000000092100000|  0%| F|  |TAMS 0x0000000092000000, 0x0000000092000000| Untracked 
| 289|0x0000000092100000, 0x0000000092100000, 0x0000000092200000|  0%| F|  |TAMS 0x0000000092100000, 0x0000000092100000| Untracked 
| 290|0x0000000092200000, 0x0000000092200000, 0x0000000092300000|  0%| F|  |TAMS 0x0000000092200000, 0x0000000092200000| Untracked 
| 291|0x0000000092300000, 0x0000000092300000, 0x0000000092400000|  0%| F|  |TAMS 0x0000000092300000, 0x0000000092300000| Untracked 
| 292|0x0000000092400000, 0x0000000092400000, 0x0000000092500000|  0%| F|  |TAMS 0x0000000092400000, 0x0000000092400000| Untracked 
| 293|0x0000000092500000, 0x0000000092500000, 0x0000000092600000|  0%| F|  |TAMS 0x0000000092500000, 0x0000000092500000| Untracked 
| 294|0x0000000092600000, 0x000000009264a240, 0x0000000092700000| 28%| E|  |TAMS 0x0000000092600000, 0x0000000092600000| Complete 
| 295|0x0000000092700000, 0x0000000092800000, 0x0000000092800000|100%| E|CS|TAMS 0x0000000092700000, 0x0000000092700000| Complete 
| 296|0x0000000092800000, 0x0000000092900000, 0x0000000092900000|100%| E|CS|TAMS 0x0000000092800000, 0x0000000092800000| Complete 
| 297|0x0000000092900000, 0x0000000092a00000, 0x0000000092a00000|100%| E|CS|TAMS 0x0000000092900000, 0x0000000092900000| Complete 
| 298|0x0000000092a00000, 0x0000000092b00000, 0x0000000092b00000|100%| E|CS|TAMS 0x0000000092a00000, 0x0000000092a00000| Complete 
| 299|0x0000000092b00000, 0x0000000092c00000, 0x0000000092c00000|100%| E|CS|TAMS 0x0000000092b00000, 0x0000000092b00000| Complete 
| 300|0x0000000092c00000, 0x0000000092d00000, 0x0000000092d00000|100%| E|CS|TAMS 0x0000000092c00000, 0x0000000092c00000| Complete 
| 301|0x0000000092d00000, 0x0000000092e00000, 0x0000000092e00000|100%| E|CS|TAMS 0x0000000092d00000, 0x0000000092d00000| Complete 
| 302|0x0000000092e00000, 0x0000000092f00000, 0x0000000092f00000|100%| E|CS|TAMS 0x0000000092e00000, 0x0000000092e00000| Complete 
| 303|0x0000000092f00000, 0x0000000093000000, 0x0000000093000000|100%| E|CS|TAMS 0x0000000092f00000, 0x0000000092f00000| Complete 
| 304|0x0000000093000000, 0x0000000093100000, 0x0000000093100000|100%| E|CS|TAMS 0x0000000093000000, 0x0000000093000000| Complete 
| 305|0x0000000093100000, 0x0000000093200000, 0x0000000093200000|100%| E|CS|TAMS 0x0000000093100000, 0x0000000093100000| Complete 
| 306|0x0000000093200000, 0x0000000093300000, 0x0000000093300000|100%| E|CS|TAMS 0x0000000093200000, 0x0000000093200000| Complete 
| 307|0x0000000093300000, 0x0000000093400000, 0x0000000093400000|100%| E|CS|TAMS 0x0000000093300000, 0x0000000093300000| Complete 

Card table byte_map: [0x000002c372e40000,0x000002c373240000] _byte_map_base: 0x000002c372a40000

Marking Bits (Prev, Next): (CMBitMap*) 0x000002c35f94d1e0, (CMBitMap*) 0x000002c35f94d1a8
 Prev Bits: [0x000002c375640000, 0x000002c377640000)
 Next Bits: [0x000002c373640000, 0x000002c375640000)

Polling page: 0x000002c35e000000

Metaspace:

Usage:
  Non-class:    135.38 MB capacity,   132.51 MB ( 98%) used,     2.32 MB (  2%) free+waste,   561.38 KB ( <1%) overhead. 
      Class:     19.87 MB capacity,    18.14 MB ( 91%) used,     1.50 MB (  8%) free+waste,   242.75 KB (  1%) overhead. 
       Both:    155.25 MB capacity,   150.65 MB ( 97%) used,     3.82 MB (  2%) free+waste,   804.13 KB ( <1%) overhead. 

Virtual space:
  Non-class space:      146.00 MB reserved,     145.05 MB (>99%) committed 
      Class space:        1.00 GB reserved,      21.57 MB (  2%) committed 
             Both:        1.14 GB reserved,     166.63 MB ( 14%) committed 

Chunk freelists:
   Non-Class:  9.45 MB
       Class:  1.66 MB
        Both:  11.11 MB

MaxMetaspaceSize: 17179869184.00 GB
CompressedClassSpaceSize: 1.00 GB
Initial GC threshold: 20.80 MB
Current GC threshold: 277.29 MB
CDS: off

CodeHeap 'non-profiled nmethods': size=120064Kb used=22273Kb max_used=22273Kb free=97790Kb
 bounds [0x000002c36aee0000, 0x000002c36c4b0000, 0x000002c372420000]
CodeHeap 'profiled nmethods': size=120000Kb used=61555Kb max_used=62117Kb free=58444Kb
 bounds [0x000002c3639b0000, 0x000002c367670000, 0x000002c36aee0000]
CodeHeap 'non-nmethods': size=5696Kb used=2511Kb max_used=2596Kb free=3184Kb
 bounds [0x000002c363420000, 0x000002c3636b0000, 0x000002c3639b0000]
 total_blobs=28356 nmethods=27304 adapters=963
 compilation: enabled
              stopped_count=0, restarted_count=0
 full_count=0

Compilation events (20 events):
Event: 1409.400 Thread 0x000002c37a559000 nmethod 35271 0x000002c36c4a0390 code [0x000002c36c4a0520, 0x000002c36c4a05f8]
Event: 1409.406 Thread 0x000002c37a55a800 35276       3       com.android.build.gradle.internal.services.SymbolTableBuildService$FileCacheKey::equals (30 bytes)
Event: 1409.407 Thread 0x000002c37a55a800 nmethod 35276 0x000002c3669e8a10 code [0x000002c3669e8c00, 0x000002c3669e9148]
Event: 1409.436 Thread 0x000002c37a559000 35277 %     4       com.google.common.collect.RegularImmutableTable::forCellsInternal @ 31 (139 bytes)
Event: 1409.457 Thread 0x000002c37a55a800 35280       3       com.android.ide.common.symbols.SymbolTable::rename (22 bytes)
Event: 1409.459 Thread 0x000002c37a55a800 nmethod 35280 0x000002c3669e6f10 code [0x000002c3669e7260, 0x000002c3669e8408]
Event: 1409.465 Thread 0x000002c37a55a800 35281       3       com.google.common.collect.ImmutableBiMap::values (5 bytes)
Event: 1409.465 Thread 0x000002c37a55a800 nmethod 35281 0x000002c3669e6710 code [0x000002c3669e6900, 0x000002c3669e6dd8]
Event: 1409.481 Thread 0x000002c37a55a800 35282       3       com.google.common.collect.SingletonImmutableBiMap::inverse (45 bytes)
Event: 1409.482 Thread 0x000002c37a55a800 nmethod 35282 0x000002c3669e5e10 code [0x000002c3669e6000, 0x000002c3669e6558]
Event: 1409.488 Thread 0x000002c37a55a800 35283       3       com.android.ide.common.symbols.SymbolTable::withValuesFrom (20 bytes)
Event: 1409.490 Thread 0x000002c37a55a800 nmethod 35283 0x000002c3668db410 code [0x000002c3668db800, 0x000002c3668dcfc8]
Event: 1409.536 Thread 0x000002c37a55a800 35284       3       com.google.common.collect.RegularImmutableMap$KeySet::size (8 bytes)
Event: 1409.537 Thread 0x000002c37a55a800 nmethod 35284 0x000002c3669e5a10 code [0x000002c3669e5bc0, 0x000002c3669e5d38]
Event: 1409.537 Thread 0x000002c37a55a800 35285       3       com.google.common.collect.ImmutableSet::asList (23 bytes)
Event: 1409.538 Thread 0x000002c37a55a800 nmethod 35285 0x000002c3669e5510 code [0x000002c3669e56e0, 0x000002c3669e5948]
Event: 1409.538 Thread 0x000002c37a55a800 35286       3       com.google.common.collect.IndexedImmutableSet$1::size (8 bytes)
Event: 1409.538 Thread 0x000002c37a55a800 nmethod 35286 0x000002c3669e5090 code [0x000002c3669e5240, 0x000002c3669e5408]
Event: 1409.538 Thread 0x000002c37a55a800 35287       3       com.google.common.collect.IndexedImmutableSet::iterator (8 bytes)
Event: 1409.539 Thread 0x000002c37a55a800 nmethod 35287 0x000002c3669e4510 code [0x000002c3669e4720, 0x000002c3669e4e28]

GC Heap History (20 events):
Event: 417.704 GC heap before
{Heap before GC invocations=116 (full 0):
 garbage-first heap   total 315392K, used 212950K [0x0000000080000000, 0x0000000100000000)
  region size 1024K, 15 young (15360K), 4 survivors (4096K)
 Metaspace       used 164907K, capacity 170221K, committed 170368K, reserved 1198080K
  class space    used 20051K, capacity 22048K, committed 22088K, reserved 1048576K
}
Event: 417.716 GC heap after
{Heap after GC invocations=117 (full 0):
 garbage-first heap   total 315392K, used 201109K [0x0000000080000000, 0x0000000100000000)
  region size 1024K, 1 young (1024K), 1 survivors (1024K)
 Metaspace       used 164907K, capacity 170221K, committed 170368K, reserved 1198080K
  class space    used 20051K, capacity 22048K, committed 22088K, reserved 1048576K
}
Event: 418.113 GC heap before
{Heap before GC invocations=117 (full 0):
 garbage-first heap   total 315392K, used 207253K [0x0000000080000000, 0x0000000100000000)
  region size 1024K, 8 young (8192K), 1 survivors (1024K)
 Metaspace       used 164914K, capacity 170221K, committed 170368K, reserved 1198080K
  class space    used 20051K, capacity 22048K, committed 22088K, reserved 1048576K
}
Event: 418.121 GC heap after
{Heap after GC invocations=118 (full 0):
 garbage-first heap   total 315392K, used 203639K [0x0000000080000000, 0x0000000100000000)
  region size 1024K, 4 young (4096K), 4 survivors (4096K)
 Metaspace       used 164914K, capacity 170221K, committed 170368K, reserved 1198080K
  class space    used 20051K, capacity 22048K, committed 22088K, reserved 1048576K
}
Event: 419.696 GC heap before
{Heap before GC invocations=119 (full 0):
 garbage-first heap   total 315392K, used 252791K [0x0000000080000000, 0x0000000100000000)
  region size 1024K, 52 young (53248K), 4 survivors (4096K)
 Metaspace       used 151998K, capacity 156526K, committed 170368K, reserved 1198080K
  class space    used 18371K, capacity 20058K, committed 22088K, reserved 1048576K
}
Event: 419.705 GC heap after
{Heap after GC invocations=120 (full 0):
 garbage-first heap   total 315392K, used 205541K [0x0000000080000000, 0x0000000100000000)
  region size 1024K, 5 young (5120K), 5 survivors (5120K)
 Metaspace       used 151998K, capacity 156526K, committed 170368K, reserved 1198080K
  class space    used 18371K, capacity 20058K, committed 22088K, reserved 1048576K
}
Event: 420.212 GC heap before
{Heap before GC invocations=120 (full 0):
 garbage-first heap   total 315392K, used 214757K [0x0000000080000000, 0x0000000100000000)
  region size 1024K, 15 young (15360K), 5 survivors (5120K)
 Metaspace       used 152026K, capacity 156529K, committed 170368K, reserved 1198080K
  class space    used 18372K, capacity 20059K, committed 22088K, reserved 1048576K
}
Event: 420.227 GC heap after
{Heap after GC invocations=121 (full 0):
 garbage-first heap   total 315392K, used 178187K [0x0000000080000000, 0x0000000100000000)
  region size 1024K, 1 young (1024K), 1 survivors (1024K)
 Metaspace       used 152026K, capacity 156529K, committed 170368K, reserved 1198080K
  class space    used 18372K, capacity 20059K, committed 22088K, reserved 1048576K
}
Event: 420.471 GC heap before
{Heap before GC invocations=121 (full 0):
 garbage-first heap   total 315392K, used 187403K [0x0000000080000000, 0x0000000100000000)
  region size 1024K, 12 young (12288K), 1 survivors (1024K)
 Metaspace       used 152027K, capacity 156529K, committed 170368K, reserved 1198080K
  class space    used 18372K, capacity 20059K, committed 22088K, reserved 1048576K
}
Event: 420.477 GC heap after
{Heap after GC invocations=122 (full 0):
 garbage-first heap   total 315392K, used 178315K [0x0000000080000000, 0x0000000100000000)
  region size 1024K, 1 young (1024K), 1 survivors (1024K)
 Metaspace       used 152027K, capacity 156529K, committed 170368K, reserved 1198080K
  class space    used 18372K, capacity 20059K, committed 22088K, reserved 1048576K
}
Event: 1401.073 GC heap before
{Heap before GC invocations=123 (full 0):
 garbage-first heap   total 315392K, used 266379K [0x0000000080000000, 0x0000000100000000)
  region size 1024K, 64 young (65536K), 1 survivors (1024K)
 Metaspace       used 152471K, capacity 157076K, committed 170368K, reserved 1198080K
  class space    used 18418K, capacity 20135K, committed 22088K, reserved 1048576K
}
Event: 1401.081 GC heap after
{Heap after GC invocations=124 (full 0):
 garbage-first heap   total 315392K, used 177805K [0x0000000080000000, 0x0000000100000000)
  region size 1024K, 3 young (3072K), 3 survivors (3072K)
 Metaspace       used 152471K, capacity 157076K, committed 170368K, reserved 1198080K
  class space    used 18418K, capacity 20135K, committed 22088K, reserved 1048576K
}
Event: 1402.790 GC heap before
{Heap before GC invocations=124 (full 0):
 garbage-first heap   total 315392K, used 236173K [0x0000000080000000, 0x0000000100000000)
  region size 1024K, 62 young (63488K), 3 survivors (3072K)
 Metaspace       used 152804K, capacity 157462K, committed 170368K, reserved 1198080K
  class space    used 18441K, capacity 20177K, committed 22088K, reserved 1048576K
}
Event: 1402.811 GC heap after
{Heap after GC invocations=125 (full 0):
 garbage-first heap   total 315392K, used 184672K [0x0000000080000000, 0x0000000100000000)
  region size 1024K, 9 young (9216K), 9 survivors (9216K)
 Metaspace       used 152804K, capacity 157462K, committed 170368K, reserved 1198080K
  class space    used 18441K, capacity 20177K, committed 22088K, reserved 1048576K
}
Event: 1404.828 GC heap before
{Heap before GC invocations=126 (full 0):
 garbage-first heap   total 315392K, used 272736K [0x0000000080000000, 0x0000000100000000)
  region size 1024K, 74 young (75776K), 9 survivors (9216K)
 Metaspace       used 153381K, capacity 158148K, committed 170624K, reserved 1198080K
  class space    used 18501K, capacity 20268K, committed 22088K, reserved 1048576K
}
Event: 1404.848 GC heap after
{Heap after GC invocations=127 (full 0):
 garbage-first heap   total 315392K, used 186291K [0x0000000080000000, 0x0000000100000000)
  region size 1024K, 2 young (2048K), 2 survivors (2048K)
 Metaspace       used 153381K, capacity 158148K, committed 170624K, reserved 1198080K
  class space    used 18501K, capacity 20268K, committed 22088K, reserved 1048576K
}
Event: 1405.152 GC heap before
{Heap before GC invocations=127 (full 0):
 garbage-first heap   total 315392K, used 198579K [0x0000000080000000, 0x0000000100000000)
  region size 1024K, 15 young (15360K), 2 survivors (2048K)
 Metaspace       used 153573K, capacity 158289K, committed 170624K, reserved 1198080K
  class space    used 18515K, capacity 20272K, committed 22088K, reserved 1048576K
}
Event: 1405.185 GC heap after
{Heap after GC invocations=128 (full 0):
 garbage-first heap   total 315392K, used 178783K [0x0000000080000000, 0x0000000100000000)
  region size 1024K, 1 young (1024K), 1 survivors (1024K)
 Metaspace       used 153573K, capacity 158289K, committed 170624K, reserved 1198080K
  class space    used 18515K, capacity 20272K, committed 22088K, reserved 1048576K
}
Event: 1409.325 GC heap before
{Heap before GC invocations=128 (full 0):
 garbage-first heap   total 315392K, used 249439K [0x0000000080000000, 0x0000000100000000)
  region size 1024K, 71 young (72704K), 1 survivors (1024K)
 Metaspace       used 154258K, capacity 158977K, committed 170624K, reserved 1198080K
  class space    used 18575K, capacity 20351K, committed 22088K, reserved 1048576K
}
Event: 1409.355 GC heap after
{Heap after GC invocations=129 (full 0):
 garbage-first heap   total 315392K, used 184489K [0x0000000080000000, 0x0000000100000000)
  region size 1024K, 7 young (7168K), 7 survivors (7168K)
 Metaspace       used 154258K, capacity 158977K, committed 170624K, reserved 1198080K
  class space    used 18575K, capacity 20351K, committed 22088K, reserved 1048576K
}

Deoptimization events (20 events):
Event: 1405.998 Thread 0x000002c304943000 Uncommon trap: trap_request=0xffffff4d fr.pc=0x000002c36b5eb330 relative=0x00000000000003f0
Event: 1405.998 Thread 0x000002c304943000 Uncommon trap: reason=unstable_if action=reinterpret pc=0x000002c36b5eb330 method=org.apache.xerces.dom.ParentNode.nodeListItem(I)Lorg/w3c/dom/Node; @ 26 c2
Event: 1405.998 Thread 0x000002c304943000 DEOPT PACKING pc=0x000002c36b5eb330 sp=0x000000c8138fdac0
Event: 1405.998 Thread 0x000002c304943000 DEOPT UNPACKING pc=0x000002c36346a1af sp=0x000000c8138fda60 mode 2
Event: 1406.062 Thread 0x000002c304942000 DEOPT PACKING pc=0x000002c365e3ce9e sp=0x000000c8173fd590
Event: 1406.062 Thread 0x000002c304942000 DEOPT UNPACKING pc=0x000002c36346a95e sp=0x000000c8173fcac0 mode 0
Event: 1406.064 Thread 0x000002c304942000 DEOPT PACKING pc=0x000002c365e3ce9e sp=0x000000c8173fd530
Event: 1406.064 Thread 0x000002c304942000 DEOPT UNPACKING pc=0x000002c36346a95e sp=0x000000c8173fca60 mode 0
Event: 1406.123 Thread 0x000002c30493f800 DEOPT PACKING pc=0x000002c3653756e7 sp=0x000000c816ffbf40
Event: 1406.123 Thread 0x000002c30493f800 DEOPT UNPACKING pc=0x000002c36346a95e sp=0x000000c816ffb518 mode 0
Event: 1406.678 Thread 0x000002c37b006800 DEOPT PACKING pc=0x000002c36564462f sp=0x000000c8176fd900
Event: 1406.678 Thread 0x000002c37b006800 DEOPT UNPACKING pc=0x000002c36346a95e sp=0x000000c8176fcd18 mode 0
Event: 1409.375 Thread 0x000002c37b006800 DEOPT PACKING pc=0x000002c3673f2142 sp=0x000000c8176fd6a0
Event: 1409.375 Thread 0x000002c37b006800 DEOPT UNPACKING pc=0x000002c36346a95e sp=0x000000c8176fcc38 mode 0
Event: 1409.443 Thread 0x000002c37b006800 DEOPT PACKING pc=0x000002c3673f228e sp=0x000000c8176fd6c0
Event: 1409.443 Thread 0x000002c37b006800 DEOPT UNPACKING pc=0x000002c36346a95e sp=0x000000c8176fcc58 mode 0
Event: 1409.558 Thread 0x000002c37b006800 DEOPT PACKING pc=0x000002c3673f228e sp=0x000000c8176fd600
Event: 1409.558 Thread 0x000002c37b006800 DEOPT UNPACKING pc=0x000002c36346a95e sp=0x000000c8176fcb98 mode 0
Event: 1409.598 Thread 0x000002c37b006800 DEOPT PACKING pc=0x000002c3673f228e sp=0x000000c8176fd600
Event: 1409.598 Thread 0x000002c37b006800 DEOPT UNPACKING pc=0x000002c36346a95e sp=0x000000c8176fcb98 mode 0

Classes redefined (0 events):
No events

Internal exceptions (20 events):
Event: 419.623 Thread 0x000002c304940800 Exception <a 'sun/nio/fs/WindowsException'{0x0000000090392230}> (0x0000000090392230) thrown at [./src/hotspot/share/prims/jni.cpp, line 615]
Event: 419.634 Thread 0x000002c304940800 Exception <a 'sun/nio/fs/WindowsException'{0x00000000902cbc28}> (0x00000000902cbc28) thrown at [./src/hotspot/share/prims/jni.cpp, line 615]
Event: 419.674 Thread 0x000002c304943800 Exception <a 'sun/nio/fs/WindowsException'{0x00000000901261f8}> (0x00000000901261f8) thrown at [./src/hotspot/share/prims/jni.cpp, line 615]
Event: 419.762 Thread 0x000002c304943800 Exception <a 'sun/nio/fs/WindowsException'{0x00000000932ced48}> (0x00000000932ced48) thrown at [./src/hotspot/share/prims/jni.cpp, line 615]
Event: 420.512 Thread 0x000002c300fab000 Implicit null exception at 0x000002c36b9603f7 to 0x000002c36b9632f0
Event: 421.067 Thread 0x000002c300faf000 Exception <a 'sun/nio/fs/WindowsException'{0x000000009318a528}> (0x000000009318a528) thrown at [./src/hotspot/share/prims/jni.cpp, line 615]
Event: 421.075 Thread 0x000002c305c91800 Exception <a 'sun/nio/fs/WindowsException'{0x000000009312d590}> (0x000000009312d590) thrown at [./src/hotspot/share/prims/jni.cpp, line 615]
Event: 421.075 Thread 0x000002c305c91800 Exception <a 'sun/nio/fs/WindowsException'{0x000000009312d718}> (0x000000009312d718) thrown at [./src/hotspot/share/prims/jni.cpp, line 615]
Event: 421.076 Thread 0x000002c305c91800 Exception <a 'sun/nio/fs/WindowsException'{0x000000009312f0b8}> (0x000000009312f0b8) thrown at [./src/hotspot/share/prims/jni.cpp, line 615]
Event: 679.915 Thread 0x000002c304595800 Exception <a 'java/lang/NoSuchMethodError'{0x00000000921730d0}: 'java.lang.Object java.lang.invoke.DirectMethodHandle$Holder.invokeSpecial(java.lang.Object, java.lang.Object, int, int, int, java.lang.Object, java.lang.Object, java.lang.Object)'> (0x00000000921730d0) thrown at [./src/hotspot/share/interpreter/linkResolver.cpp, line 773]
Event: 679.915 Thread 0x000002c304595800 Exception <a 'java/lang/NoSuchMethodError'{0x0000000092176710}: 'java.lang.Object java.lang.invoke.DelegatingMethodHandle$Holder.reinvoke_L(java.lang.Object, int, int, int, java.lang.Object, java.lang.Object, java.lang.Object)'> (0x0000000092176710) thrown at [./src/hotspot/share/interpreter/linkResolver.cpp, line 773]
Event: 679.916 Thread 0x000002c304595800 Exception <a 'java/lang/NoSuchMethodError'{0x000000009217da40}: 'java.lang.Object java.lang.invoke.DirectMethodHandle$Holder.invokeStatic(java.lang.Object, java.lang.Object, java.lang.Object, java.lang.Object, java.lang.Object, int)'> (0x000000009217da40) thrown at [./src/hotspot/share/interpreter/linkResolver.cpp, line 773]
Event: 679.917 Thread 0x000002c304595800 Exception <a 'java/lang/NoSuchMethodError'{0x0000000092192f68}: 'java.lang.Object java.lang.invoke.DirectMethodHandle$Holder.invokeStatic(java.lang.Object, java.lang.Object, java.lang.Object, java.lang.Object, java.lang.Object, int, int)'> (0x0000000092192f68) thrown at [./src/hotspot/share/interpreter/linkResolver.cpp, line 773]
Event: 1401.126 Thread 0x000002c304595000 Exception <a 'sun/nio/fs/WindowsException'{0x0000000092f18f80}> (0x0000000092f18f80) thrown at [./src/hotspot/share/prims/jni.cpp, line 615]
Event: 1401.639 Thread 0x000002c304595000 Exception <a 'sun/nio/fs/WindowsException'{0x0000000091d3da38}> (0x0000000091d3da38) thrown at [./src/hotspot/share/prims/jni.cpp, line 615]
Event: 1401.655 Thread 0x000002c304595000 Exception <a 'sun/nio/fs/WindowsException'{0x0000000091ddf2c8}> (0x0000000091ddf2c8) thrown at [./src/hotspot/share/prims/jni.cpp, line 615]
Event: 1401.655 Thread 0x000002c304595000 Exception <a 'sun/nio/fs/WindowsException'{0x0000000091de0528}> (0x0000000091de0528) thrown at [./src/hotspot/share/prims/jni.cpp, line 615]
Event: 1401.655 Thread 0x000002c304595000 Exception <a 'sun/nio/fs/WindowsException'{0x0000000091de17d8}> (0x0000000091de17d8) thrown at [./src/hotspot/share/prims/jni.cpp, line 615]
Event: 1401.655 Thread 0x000002c304595000 Exception <a 'sun/nio/fs/WindowsException'{0x0000000091de2a88}> (0x0000000091de2a88) thrown at [./src/hotspot/share/prims/jni.cpp, line 615]
Event: 1401.791 Thread 0x000002c304595000 Exception <a 'sun/nio/fs/WindowsException'{0x000000009174c088}> (0x000000009174c088) thrown at [./src/hotspot/share/prims/jni.cpp, line 615]

Events (20 events):
Event: 1405.985 Thread 0x000002c37b006800 Thread added: 0x000002c37b006800
Event: 1405.991 Executing VM operation: RevokeBias
Event: 1405.992 Executing VM operation: RevokeBias done
Event: 1405.996 loading class com/android/build/gradle/tasks/XmlDocumentUtilsKt
Event: 1405.996 loading class com/android/build/gradle/tasks/XmlDocumentUtilsKt done
Event: 1406.248 Thread 0x000002c37b000800 Thread added: 0x000002c37b000800
Event: 1406.266 Executing VM operation: RevokeBias
Event: 1406.277 Executing VM operation: RevokeBias done
Event: 1406.317 Executing VM operation: RevokeBias
Event: 1406.318 Executing VM operation: RevokeBias done
Event: 1406.318 Thread 0x000002c37b007000 Thread added: 0x000002c37b007000
Event: 1406.327 Thread 0x000002c37b003000 Thread added: 0x000002c37b003000
Event: 1406.327 Thread 0x000002c37b00f800 Thread added: 0x000002c37b00f800
Event: 1406.586 Thread 0x000002c304943800 Thread exited: 0x000002c304943800
Event: 1408.259 Executing VM operation: RevokeBias
Event: 1408.260 Executing VM operation: RevokeBias done
Event: 1408.260 Thread 0x000002c304943000 Thread exited: 0x000002c304943000
Event: 1409.325 Executing VM operation: G1CollectForAllocation
Event: 1409.355 Executing VM operation: G1CollectForAllocation done
Event: 1409.378 Thread 0x000002c37b00b800 Thread added: 0x000002c37b00b800


Dynamic libraries:
0x00007ff7e0b80000 - 0x00007ff7e0b8a000 	C:\Program Files\Android\Android Studio1\jre\bin\java.exe
0x00007ffbe8320000 - 0x00007ffbe8527000 	C:\Windows\SYSTEM32\ntdll.dll
0x00007ffbe68e0000 - 0x00007ffbe699d000 	C:\Windows\System32\KERNEL32.DLL
0x00007ffbe5df0000 - 0x00007ffbe6162000 	C:\Windows\System32\KERNELBASE.dll
0x00007ffbe5840000 - 0x00007ffbe5951000 	C:\Windows\System32\ucrtbase.dll
0x00007ffbdbd50000 - 0x00007ffbdbd67000 	C:\Program Files\Android\Android Studio1\jre\bin\VCRUNTIME140.dll
0x00007ffbdbd30000 - 0x00007ffbdbd49000 	C:\Program Files\Android\Android Studio1\jre\bin\jli.dll
0x00007ffbe7ed0000 - 0x00007ffbe807c000 	C:\Windows\System32\USER32.dll
0x00007ffbdb730000 - 0x00007ffbdb9d5000 	C:\Windows\WinSxS\amd64_microsoft.windows.common-controls_6595b64144ccf1df_6.0.21996.1_none_7d6b053978bcd706\COMCTL32.dll
0x00007ffbe5c00000 - 0x00007ffbe5c26000 	C:\Windows\System32\win32u.dll
0x00007ffbe70b0000 - 0x00007ffbe7153000 	C:\Windows\System32\msvcrt.dll
0x00007ffbe8200000 - 0x00007ffbe8229000 	C:\Windows\System32\GDI32.dll
0x00007ffbe5c30000 - 0x00007ffbe5d42000 	C:\Windows\System32\gdi32full.dll
0x00007ffbe5d50000 - 0x00007ffbe5ded000 	C:\Windows\System32\msvcp_win.dll
0x00007ffbe67b0000 - 0x00007ffbe67e1000 	C:\Windows\System32\IMM32.DLL
0x00007ffbdbc90000 - 0x00007ffbdbd2d000 	C:\Program Files\Android\Android Studio1\jre\bin\msvcp140.dll
0x00007ffb8ae60000 - 0x00007ffb8b945000 	C:\Program Files\Android\Android Studio1\jre\bin\server\jvm.dll
0x00007ffbe61f0000 - 0x00007ffbe629c000 	C:\Windows\System32\ADVAPI32.dll
0x00007ffbe78e0000 - 0x00007ffbe797d000 	C:\Windows\System32\sechost.dll
0x00007ffbe65e0000 - 0x00007ffbe6701000 	C:\Windows\System32\RPCRT4.dll
0x00007ffbe7160000 - 0x00007ffbe7168000 	C:\Windows\System32\PSAPI.DLL
0x00007ffbe2150000 - 0x00007ffbe2183000 	C:\Windows\SYSTEM32\WINMM.dll
0x00007ffbda3a0000 - 0x00007ffbda3a9000 	C:\Windows\SYSTEM32\WSOCK32.dll
0x00007ffbdc6c0000 - 0x00007ffbdc6ca000 	C:\Windows\SYSTEM32\VERSION.dll
0x00007ffbe8120000 - 0x00007ffbe818f000 	C:\Windows\System32\WS2_32.dll
0x00007ffbe4a60000 - 0x00007ffbe4a77000 	C:\Windows\SYSTEM32\kernel.appcore.dll
0x00007ffbda380000 - 0x00007ffbda391000 	C:\Program Files\Android\Android Studio1\jre\bin\verify.dll
0x00007ffbd2460000 - 0x00007ffbd2681000 	C:\Windows\SYSTEM32\DBGHELP.DLL
0x00007ffbd2320000 - 0x00007ffbd2351000 	C:\Windows\SYSTEM32\dbgcore.DLL
0x00007ffbe6170000 - 0x00007ffbe61f0000 	C:\Windows\System32\bcryptPrimitives.dll
0x00007ffbda350000 - 0x00007ffbda379000 	C:\Program Files\Android\Android Studio1\jre\bin\java.dll
0x00007ffbda2b0000 - 0x00007ffbda2bb000 	C:\Program Files\Android\Android Studio1\jre\bin\jimage.dll
0x00007ffbda290000 - 0x00007ffbda2a8000 	C:\Program Files\Android\Android Studio1\jre\bin\zip.dll
0x00007ffbe7170000 - 0x00007ffbe78d9000 	C:\Windows\System32\SHELL32.dll
0x00007ffbe3a10000 - 0x00007ffbe4268000 	C:\Windows\SYSTEM32\windows.storage.dll
0x00007ffbe7980000 - 0x00007ffbe7cf5000 	C:\Windows\System32\combase.dll
0x00007ffbe38a0000 - 0x00007ffbe3a06000 	C:\Windows\SYSTEM32\wintypes.dll
0x00007ffbe7d00000 - 0x00007ffbe7dea000 	C:\Windows\System32\SHCORE.dll
0x00007ffbe6bd0000 - 0x00007ffbe6c2d000 	C:\Windows\System32\shlwapi.dll
0x00007ffbe5770000 - 0x00007ffbe5791000 	C:\Windows\SYSTEM32\profapi.dll
0x00007ffbda270000 - 0x00007ffbda28a000 	C:\Program Files\Android\Android Studio1\jre\bin\net.dll
0x00007ffbe06d0000 - 0x00007ffbe07dc000 	C:\Windows\SYSTEM32\WINHTTP.dll
0x00007ffbe4e70000 - 0x00007ffbe4ed7000 	C:\Windows\system32\mswsock.dll
0x00007ffbd9090000 - 0x00007ffbd90a4000 	C:\Program Files\Android\Android Studio1\jre\bin\nio.dll
0x00007ffbdbd70000 - 0x00007ffbdbd97000 	C:\Users\Arogundade Ibrahim\.gradle\native\e1d6ef7f7dcc3fd88c89a11ec53ec762bb8ba0a96d01ffa2cd45eb1d1d8dd5c5\windows-amd64\native-platform.dll
0x00007ffbc26c0000 - 0x00007ffbc2804000 	C:\Users\Arogundade Ibrahim\.gradle\native\5664cfc778a61ccfe75a443a1ab52a65af34e5dc3c78e0209fed803814484fcb\windows-amd64\native-platform-file-events.dll
0x00007ffbda710000 - 0x00007ffbda71a000 	C:\Program Files\Android\Android Studio1\jre\bin\management.dll
0x00007ffbd9080000 - 0x00007ffbd908d000 	C:\Program Files\Android\Android Studio1\jre\bin\management_ext.dll
0x00007ffbe50b0000 - 0x00007ffbe50c8000 	C:\Windows\SYSTEM32\CRYPTSP.dll
0x00007ffbe49c0000 - 0x00007ffbe49f5000 	C:\Windows\system32\rsaenh.dll
0x00007ffbe4f60000 - 0x00007ffbe4f89000 	C:\Windows\SYSTEM32\USERENV.dll
0x00007ffbe5230000 - 0x00007ffbe5257000 	C:\Windows\SYSTEM32\bcrypt.dll
0x00007ffbe50d0000 - 0x00007ffbe50dc000 	C:\Windows\SYSTEM32\CRYPTBASE.dll
0x00007ffbe45a0000 - 0x00007ffbe45cd000 	C:\Windows\SYSTEM32\IPHLPAPI.DLL
0x00007ffbe6c30000 - 0x00007ffbe6c39000 	C:\Windows\System32\NSI.dll
0x00007ffbe0a60000 - 0x00007ffbe0a79000 	C:\Windows\SYSTEM32\dhcpcsvc6.DLL
0x00007ffbe0f50000 - 0x00007ffbe0f6e000 	C:\Windows\SYSTEM32\dhcpcsvc.DLL
0x00007ffbe45d0000 - 0x00007ffbe46b5000 	C:\Windows\SYSTEM32\DNSAPI.dll
0x00007ffbe3150000 - 0x00007ffbe3184000 	C:\Windows\SYSTEM32\ntmarta.dll
0x00007ffbdbc70000 - 0x00007ffbdbc8e000 	C:\Users\Arogundade Ibrahim\AppData\Local\Temp\native-platform10284737196419787300dir\native-platform.dll
0x00007ffbe21b0000 - 0x00007ffbe21b8000 	C:\Program Files\Android\Android Studio1\jre\bin\rmi.dll
0x00007ffbd9050000 - 0x00007ffbd9077000 	C:\Program Files\Android\Android Studio1\jre\bin\sunec.dll

dbghelp: loaded successfully - version: 4.0.5 - missing functions: none
symbol engine: initialized successfully - sym options: 0x614 - pdb path: .;C:\Program Files\Android\Android Studio1\jre\bin;C:\Windows\SYSTEM32;C:\Windows\WinSxS\amd64_microsoft.windows.common-controls_6595b64144ccf1df_6.0.21996.1_none_7d6b053978bcd706;C:\Program Files\Android\Android Studio1\jre\bin\server;C:\Users\Arogundade Ibrahim\.gradle\native\e1d6ef7f7dcc3fd88c89a11ec53ec762bb8ba0a96d01ffa2cd45eb1d1d8dd5c5\windows-amd64;C:\Users\Arogundade Ibrahim\.gradle\native\5664cfc778a61ccfe75a443a1ab52a65af34e5dc3c78e0209fed803814484fcb\windows-amd64;C:\Users\Arogundade Ibrahim\AppData\Local\Temp\native-platform10284737196419787300dir

VM Arguments:
jvm_args: --add-opens=java.base/java.util=ALL-UNNAMED --add-opens=java.base/java.lang=ALL-UNNAMED --add-opens=java.base/java.lang.invoke=ALL-UNNAMED --add-opens=java.base/java.util=ALL-UNNAMED --add-opens=java.prefs/java.util.prefs=ALL-UNNAMED --add-opens=java.prefs/java.util.prefs=ALL-UNNAMED --add-opens=java.base/java.nio.charset=ALL-UNNAMED --add-opens=java.base/java.net=ALL-UNNAMED --add-opens=java.base/java.util.concurrent.atomic=ALL-UNNAMED -Xmx2048m -Dfile.encoding=UTF-8 -Duser.country=US -Duser.language=en -Duser.variant 
java_command: org.gradle.launcher.daemon.bootstrap.GradleDaemon 7.3.3
java_class_path (initial): C:\Users\Arogundade Ibrahim\.gradle\wrapper\dists\gradle-7.3.3-bin\6a41zxkdtcxs8rphpq6y0069z\gradle-7.3.3\lib\gradle-launcher-7.3.3.jar
Launcher Type: SUN_STANDARD

[Global flags]
     intx CICompilerCount                          = 3                                         {product} {ergonomic}
     uint ConcGCThreads                            = 1                                         {product} {ergonomic}
     uint G1ConcRefinementThreads                  = 4                                         {product} {ergonomic}
   size_t G1HeapRegionSize                         = 1048576                                   {product} {ergonomic}
    uintx GCDrainStackTargetSize                   = 64                                        {product} {ergonomic}
   size_t InitialHeapSize                          = 268435456                                 {product} {ergonomic}
   size_t MarkStackSize                            = 4194304                                   {product} {ergonomic}
   size_t MaxHeapSize                              = 2147483648                                {product} {command line}
   size_t MaxNewSize                               = 1287651328                                {product} {ergonomic}
   size_t MinHeapDeltaBytes                        = 1048576                                   {product} {ergonomic}
    uintx NonNMethodCodeHeapSize                   = 5830732                                {pd product} {ergonomic}
    uintx NonProfiledCodeHeapSize                  = 122913754                              {pd product} {ergonomic}
    uintx ProfiledCodeHeapSize                     = 122913754                              {pd product} {ergonomic}
    uintx ReservedCodeCacheSize                    = 251658240                              {pd product} {ergonomic}
     bool SegmentedCodeCache                       = true                                      {product} {ergonomic}
     bool UseCompressedClassPointers               = true                                 {lp64_product} {ergonomic}
     bool UseCompressedOops                        = true                                 {lp64_product} {ergonomic}
     bool UseG1GC                                  = true                                      {product} {ergonomic}
     bool UseLargePagesIndividualAllocation        = false                                  {pd product} {ergonomic}

Logging:
Log output configuration:
 #0: stdout all=warning uptime,level,tags
 #1: stderr all=off uptime,level,tags

Environment Variables:
PATH=C:\Windows\system32;C:\Windows;C:\Windows\System32\Wbem;C:\Windows\System32\WindowsPowerShell\v1.0\;C:\Windows\System32\OpenSSH\;C:\Program Files (x86)\Git\cmd;C:\xampp\php;C:\composer;C:\ProgramData\chocolatey\bin;C:\Program Files\nodejs\;C:\Users\Arogundade Ibrahim\AppData\Local\Microsoft\WindowsApps;;C:\Users\Arogundade Ibrahim\AppData\Local\Programs\Microsoft VS Code\bin;C:\Users\Arogundade Ibrahim\AppData\Roaming\Composer\vendor\bin;C:\Users\Arogundade Ibrahim\AppData\Roaming\npm;C:\Program Files\heroku\bin
USERNAME=Arogundade Ibrahim
OS=Windows_NT
PROCESSOR_IDENTIFIER=Intel64 Family 6 Model 42 Stepping 7, GenuineIntel



---------------  S Y S T E M  ---------------

OS: Windows 10 , 64 bit Build 21996 (10.0.21996.1)
OS uptime: 0 days 4:10 hours

CPU:total 4 (initial active 4) (2 cores per cpu, 2 threads per core) family 6 model 42 stepping 7 microcode 0x2f, cmov, cx8, fxsr, mmx, sse, sse2, sse3, ssse3, sse4.1, sse4.2, popcnt, avx, aes, clmul, ht, tsc, tscinvbit

Memory: 4k page, system-wide physical 16341M (7210M free)
TotalPageFile size 21205M (AvailPageFile size 10565M)
current process WorkingSet (physical memory assigned to process): 769M, peak: 777M
current process commit charge ("private bytes"): 793M, peak: 802M

vm_info: OpenJDK 64-Bit Server VM (11.0.12+7-b1504.28-7817840) for windows-amd64 JRE (11.0.12+7-b1504.28-7817840), built on Oct 13 2021 22:12:33 by "builder" with MS VC++ 14.0 (VS2015)

END.
